{"/home/travis/build/npmtest/node-npmtest-node-twitter/test.js":{"path":"/home/travis/build/npmtest/node-npmtest-node-twitter/test.js","s":{"1":2,"2":2,"3":2,"4":2,"5":2,"6":2,"7":2,"8":1,"9":2,"10":2,"11":1,"12":1,"13":1,"14":1,"15":2,"16":2,"17":2,"18":2,"19":1,"20":1,"21":2,"22":2,"23":2,"24":1,"25":1,"26":1,"27":1,"28":1,"29":1,"30":1,"31":1,"32":1,"33":1,"34":1,"35":1,"36":1,"37":1,"38":1,"39":2,"40":2,"41":1,"42":2,"43":2,"44":1,"45":2,"46":2,"47":1,"48":2,"49":2,"50":1,"51":1,"52":1,"53":1,"54":1},"b":{"1":[2,1,1,1],"2":[1,1,1,1],"3":[1,1],"4":[1,1],"5":[1,1],"6":[1,1],"7":[1,1],"8":[1,1],"9":[1,1],"10":[1,1,1],"11":[1,1],"12":[1,1],"13":[1,1],"14":[1,1],"15":[1,1],"16":[1,1],"17":[1,1]},"f":{"1":2,"2":2,"3":2,"4":2,"5":2,"6":1,"7":1,"8":1,"9":2,"10":2,"11":2,"12":2,"13":1},"fnMap":{"1":{"name":"(anonymous_1)","line":12,"loc":{"start":{"line":12,"column":1},"end":{"line":12,"column":13}}},"2":{"name":"(anonymous_2)","line":19,"loc":{"start":{"line":19,"column":5},"end":{"line":19,"column":17}}},"3":{"name":"(anonymous_3)","line":23,"loc":{"start":{"line":23,"column":24},"end":{"line":23,"column":36}}},"4":{"name":"(anonymous_4)","line":61,"loc":{"start":{"line":61,"column":5},"end":{"line":61,"column":17}}},"5":{"name":"(anonymous_5)","line":82,"loc":{"start":{"line":82,"column":5},"end":{"line":82,"column":17}}},"6":{"name":"(anonymous_6)","line":91,"loc":{"start":{"line":91,"column":77},"end":{"line":94,"column":10}}},"7":{"name":"(anonymous_7)","line":112,"loc":{"start":{"line":112,"column":83},"end":{"line":115,"column":10}},"skip":true},"8":{"name":"(anonymous_8)","line":123,"loc":{"start":{"line":123,"column":77},"end":{"line":126,"column":10}},"skip":true},"9":{"name":"(anonymous_9)","line":139,"loc":{"start":{"line":139,"column":12},"end":{"line":139,"column":40}},"skip":true},"10":{"name":"(anonymous_10)","line":147,"loc":{"start":{"line":147,"column":77},"end":{"line":150,"column":10}},"skip":true},"11":{"name":"(anonymous_11)","line":158,"loc":{"start":{"line":158,"column":83},"end":{"line":161,"column":10}},"skip":true},"12":{"name":"(anonymous_12)","line":169,"loc":{"start":{"line":169,"column":79},"end":{"line":172,"column":10}},"skip":true},"13":{"name":"(anonymous_13)","line":180,"loc":{"start":{"line":180,"column":75},"end":{"line":183,"column":10}},"skip":true}},"statementMap":{"1":{"start":{"line":12,"column":0},"end":{"line":195,"column":5}},"2":{"start":{"line":14,"column":4},"end":{"line":14,"column":14}},"3":{"start":{"line":19,"column":4},"end":{"line":56,"column":9}},"4":{"start":{"line":21,"column":8},"end":{"line":21,"column":19}},"5":{"start":{"line":23,"column":8},"end":{"line":35,"column":13}},"6":{"start":{"line":24,"column":12},"end":{"line":34,"column":13}},"7":{"start":{"line":25,"column":16},"end":{"line":28,"column":30}},"8":{"start":{"line":30,"column":16},"end":{"line":33,"column":27}},"9":{"start":{"line":37,"column":8},"end":{"line":39,"column":21}},"10":{"start":{"line":40,"column":8},"end":{"line":53,"column":9}},"11":{"start":{"line":43,"column":12},"end":{"line":46,"column":14}},"12":{"start":{"line":47,"column":12},"end":{"line":47,"column":18}},"13":{"start":{"line":50,"column":12},"end":{"line":51,"column":33}},"14":{"start":{"line":52,"column":12},"end":{"line":52,"column":18}},"15":{"start":{"line":55,"column":8},"end":{"line":55,"column":35}},"16":{"start":{"line":61,"column":4},"end":{"line":63,"column":9}},"17":{"start":{"line":62,"column":8},"end":{"line":62,"column":15}},"18":{"start":{"line":64,"column":4},"end":{"line":77,"column":5}},"19":{"start":{"line":70,"column":8},"end":{"line":70,"column":14}},"20":{"start":{"line":76,"column":8},"end":{"line":76,"column":14}},"21":{"start":{"line":82,"column":4},"end":{"line":84,"column":9}},"22":{"start":{"line":83,"column":8},"end":{"line":83,"column":15}},"23":{"start":{"line":85,"column":4},"end":{"line":194,"column":5}},"24":{"start":{"line":91,"column":8},"end":{"line":99,"column":10}},"25":{"start":{"line":98,"column":12},"end":{"line":98,"column":35}},"26":{"start":{"line":102,"column":8},"end":{"line":104,"column":63}},"27":{"start":{"line":105,"column":8},"end":{"line":105,"column":14}},"28":{"start":{"line":112,"column":8},"end":{"line":121,"column":10},"skip":true},"29":{"start":{"line":119,"column":12},"end":{"line":119,"column":55},"skip":true},"30":{"start":{"line":120,"column":12},"end":{"line":120,"column":48},"skip":true},"31":{"start":{"line":123,"column":8},"end":{"line":136,"column":10},"skip":true},"32":{"start":{"line":130,"column":12},"end":{"line":130,"column":76},"skip":true},"33":{"start":{"line":131,"column":12},"end":{"line":131,"column":73},"skip":true},"34":{"start":{"line":132,"column":12},"end":{"line":132,"column":74},"skip":true},"35":{"start":{"line":133,"column":12},"end":{"line":133,"column":79},"skip":true},"36":{"start":{"line":134,"column":12},"end":{"line":134,"column":25},"skip":true},"37":{"start":{"line":135,"column":12},"end":{"line":135,"column":45},"skip":true},"38":{"start":{"line":138,"column":8},"end":{"line":145,"column":14},"skip":true},"39":{"start":{"line":143,"column":16},"end":{"line":143,"column":29},"skip":true},"40":{"start":{"line":144,"column":16},"end":{"line":144,"column":55},"skip":true},"41":{"start":{"line":147,"column":8},"end":{"line":156,"column":10},"skip":true},"42":{"start":{"line":154,"column":12},"end":{"line":154,"column":25},"skip":true},"43":{"start":{"line":155,"column":12},"end":{"line":155,"column":45},"skip":true},"44":{"start":{"line":158,"column":8},"end":{"line":167,"column":10},"skip":true},"45":{"start":{"line":165,"column":12},"end":{"line":165,"column":25},"skip":true},"46":{"start":{"line":166,"column":12},"end":{"line":166,"column":48},"skip":true},"47":{"start":{"line":169,"column":8},"end":{"line":178,"column":10},"skip":true},"48":{"start":{"line":176,"column":12},"end":{"line":176,"column":25},"skip":true},"49":{"start":{"line":177,"column":12},"end":{"line":177,"column":46},"skip":true},"50":{"start":{"line":180,"column":8},"end":{"line":189,"column":10},"skip":true},"51":{"start":{"line":187,"column":12},"end":{"line":187,"column":94},"skip":true},"52":{"start":{"line":188,"column":12},"end":{"line":188,"column":48},"skip":true},"53":{"start":{"line":192,"column":8},"end":{"line":192,"column":35},"skip":true},"54":{"start":{"line":193,"column":8},"end":{"line":193,"column":14},"skip":true}},"branchMap":{"1":{"line":25,"type":"binary-expr","locations":[{"start":{"line":25,"column":23},"end":{"line":25,"column":62}},{"start":{"line":26,"column":20},"end":{"line":26,"column":70}},{"start":{"line":27,"column":20},"end":{"line":27,"column":71}},{"start":{"line":28,"column":20},"end":{"line":28,"column":29}}]},"2":{"line":30,"type":"binary-expr","locations":[{"start":{"line":30,"column":23},"end":{"line":30,"column":37}},{"start":{"line":31,"column":20},"end":{"line":31,"column":61}},{"start":{"line":32,"column":20},"end":{"line":32,"column":70}},{"start":{"line":33,"column":20},"end":{"line":33,"column":26}}]},"3":{"line":37,"type":"cond-expr","locations":[{"start":{"line":38,"column":14},"end":{"line":38,"column":20}},{"start":{"line":39,"column":14},"end":{"line":39,"column":20}}]},"4":{"line":40,"type":"switch","locations":[{"start":{"line":42,"column":8},"end":{"line":47,"column":18}},{"start":{"line":49,"column":8},"end":{"line":52,"column":18}}]},"5":{"line":44,"type":"binary-expr","locations":[{"start":{"line":44,"column":16},"end":{"line":44,"column":44}},{"start":{"line":44,"column":48},"end":{"line":44,"column":66}}]},"6":{"line":50,"type":"binary-expr","locations":[{"start":{"line":50,"column":21},"end":{"line":50,"column":49}},{"start":{"line":50,"column":53},"end":{"line":50,"column":72}}]},"7":{"line":64,"type":"switch","locations":[{"start":{"line":69,"column":4},"end":{"line":70,"column":14}},{"start":{"line":75,"column":4},"end":{"line":76,"column":14}}]},"8":{"line":85,"type":"switch","locations":[{"start":{"line":90,"column":4},"end":{"line":105,"column":14}},{"start":{"line":111,"column":4},"end":{"line":193,"column":14},"skip":true}]},"9":{"line":91,"type":"binary-expr","locations":[{"start":{"line":91,"column":42},"end":{"line":91,"column":73}},{"start":{"line":91,"column":77},"end":{"line":99,"column":9}}]},"10":{"line":102,"type":"binary-expr","locations":[{"start":{"line":102,"column":18},"end":{"line":102,"column":32}},{"start":{"line":103,"column":12},"end":{"line":103,"column":53}},{"start":{"line":104,"column":12},"end":{"line":104,"column":61}}]},"11":{"line":112,"type":"binary-expr","locations":[{"start":{"line":112,"column":45},"end":{"line":112,"column":79},"skip":true},{"start":{"line":112,"column":83},"end":{"line":121,"column":9},"skip":true}]},"12":{"line":123,"type":"binary-expr","locations":[{"start":{"line":123,"column":42},"end":{"line":123,"column":73},"skip":true},{"start":{"line":123,"column":77},"end":{"line":136,"column":9},"skip":true}]},"13":{"line":138,"type":"binary-expr","locations":[{"start":{"line":138,"column":48},"end":{"line":138,"column":85},"skip":true},{"start":{"line":139,"column":12},"end":{"line":145,"column":13},"skip":true}]},"14":{"line":147,"type":"binary-expr","locations":[{"start":{"line":147,"column":42},"end":{"line":147,"column":73},"skip":true},{"start":{"line":147,"column":77},"end":{"line":156,"column":9},"skip":true}]},"15":{"line":158,"type":"binary-expr","locations":[{"start":{"line":158,"column":45},"end":{"line":158,"column":79},"skip":true},{"start":{"line":158,"column":83},"end":{"line":167,"column":9},"skip":true}]},"16":{"line":169,"type":"binary-expr","locations":[{"start":{"line":169,"column":43},"end":{"line":169,"column":75},"skip":true},{"start":{"line":169,"column":79},"end":{"line":178,"column":9},"skip":true}]},"17":{"line":180,"type":"binary-expr","locations":[{"start":{"line":180,"column":41},"end":{"line":180,"column":71},"skip":true},{"start":{"line":180,"column":75},"end":{"line":189,"column":9},"skip":true}]}},"code":["/* istanbul instrument in package npmtest_node_twitter */","/*jslint","    bitwise: true,","    browser: true,","    maxerr: 8,","    maxlen: 96,","    node: true,","    nomen: true,","    regexp: true,","    stupid: true","*/","(function () {","    'use strict';","    var local;","","","","    // run shared js-env code - init-before","    (function () {","        // init local","        local = {};","        // init modeJs","        local.modeJs = (function () {","            try {","                return typeof navigator.userAgent === 'string' &&","                    typeof document.querySelector('body') === 'object' &&","                    typeof XMLHttpRequest.prototype.open === 'function' &&","                    'browser';","            } catch (errorCaughtBrowser) {","                return module.exports &&","                    typeof process.versions.node === 'string' &&","                    typeof require('http').createServer === 'function' &&","                    'node';","            }","        }());","        // init global","        local.global = local.modeJs === 'browser'","            ? window","            : global;","        switch (local.modeJs) {","        // re-init local from window.local","        case 'browser':","            local = local.global.utility2.objectSetDefault(","                local.global.utility2_rollup || local.global.local,","                local.global.utility2","            );","            break;","        // re-init local from example.js","        case 'node':","            local = (local.global.utility2_rollup || require('utility2'))","                .requireReadme();","            break;","        }","        // export local","        local.global.local = local;","    }());","","","","    // run shared js-env code - function","    (function () {","        return;","    }());","    switch (local.modeJs) {","","","","    // run browser js-env code - function","    case 'browser':","        break;","","","","    // run node js-env code - function","    case 'node':","        break;","    }","","","","    // run shared js-env code - init-after","    (function () {","        return;","    }());","    switch (local.modeJs) {","","","","    // run browser js-env code - init-after","    case 'browser':","        local.testCase_browser_nullCase = local.testCase_browser_nullCase || function (","            options,","            onError","        ) {","        /*","         * this function will test browsers's null-case handling-behavior-behavior","         */","            onError(null, options);","        };","","        // run tests","        local.nop(local.modeTest &&","            document.querySelector('#testRunButton1') &&","            document.querySelector('#testRunButton1').click());","        break;","","","","    // run node js-env code - init-after","    /* istanbul ignore next */","    case 'node':","        local.testCase_buildApidoc_default = local.testCase_buildApidoc_default || function (","            options,","            onError","        ) {","        /*","         * this function will test buildApidoc's default handling-behavior-behavior","         */","            options = { modulePathList: module.paths };","            local.buildApidoc(options, onError);","        };","","        local.testCase_buildApp_default = local.testCase_buildApp_default || function (","            options,","            onError","        ) {","        /*","         * this function will test buildApp's default handling-behavior-behavior","         */","            local.testCase_buildReadme_default(options, local.onErrorThrow);","            local.testCase_buildLib_default(options, local.onErrorThrow);","            local.testCase_buildTest_default(options, local.onErrorThrow);","            local.testCase_buildCustomOrg_default(options, local.onErrorThrow);","            options = [];","            local.buildApp(options, onError);","        };","","        local.testCase_buildCustomOrg_default = local.testCase_buildCustomOrg_default ||","            function (options, onError) {","            /*","             * this function will test buildCustomOrg's default handling-behavior","             */","                options = {};","                local.buildCustomOrg(options, onError);","            };","","        local.testCase_buildLib_default = local.testCase_buildLib_default || function (","            options,","            onError","        ) {","        /*","         * this function will test buildLib's default handling-behavior","         */","            options = {};","            local.buildLib(options, onError);","        };","","        local.testCase_buildReadme_default = local.testCase_buildReadme_default || function (","            options,","            onError","        ) {","        /*","         * this function will test buildReadme's default handling-behavior-behavior","         */","            options = {};","            local.buildReadme(options, onError);","        };","","        local.testCase_buildTest_default = local.testCase_buildTest_default || function (","            options,","            onError","        ) {","        /*","         * this function will test buildTest's default handling-behavior","         */","            options = {};","            local.buildTest(options, onError);","        };","","        local.testCase_webpage_default = local.testCase_webpage_default || function (","            options,","            onError","        ) {","        /*","         * this function will test webpage's default handling-behavior","         */","            options = { modeCoverageMerge: true, url: local.serverLocalHost + '?modeTest=1' };","            local.browserTest(options, onError);","        };","","        // run test-server","        local.testRunServer(local);","        break;","    }","}());",""],"l":{"12":2,"14":2,"19":2,"21":2,"23":2,"24":2,"25":2,"30":1,"37":2,"40":2,"43":1,"47":1,"50":1,"52":1,"55":2,"61":2,"62":2,"64":2,"70":1,"76":1,"82":2,"83":2,"85":2,"91":1,"98":1,"102":1,"105":1,"112":1,"119":1,"120":1,"123":1,"130":1,"131":1,"132":1,"133":1,"134":1,"135":1,"138":1,"143":2,"144":2,"147":1,"154":2,"155":2,"158":1,"165":2,"166":2,"169":1,"176":2,"177":2,"180":1,"187":1,"188":1,"192":1,"193":1}},"/home/travis/build/npmtest/node-npmtest-node-twitter/lib.npmtest_node_twitter.js":{"path":"/home/travis/build/npmtest/node-npmtest-node-twitter/lib.npmtest_node_twitter.js","s":{"1":2,"2":2,"3":2,"4":2,"5":2,"6":2,"7":2,"8":1,"9":2,"10":2,"11":2,"12":2,"13":1,"14":1,"15":1,"16":1},"b":{"1":[2,1,1,1],"2":[1,1,1,1],"3":[1,1],"4":[2,2],"5":[1,1]},"f":{"1":2,"2":2,"3":2},"fnMap":{"1":{"name":"(anonymous_1)","line":12,"loc":{"start":{"line":12,"column":1},"end":{"line":12,"column":13}}},"2":{"name":"(anonymous_2)","line":19,"loc":{"start":{"line":19,"column":5},"end":{"line":19,"column":17}}},"3":{"name":"(anonymous_3)","line":23,"loc":{"start":{"line":23,"column":24},"end":{"line":23,"column":36}}}},"statementMap":{"1":{"start":{"line":12,"column":0},"end":{"line":53,"column":5}},"2":{"start":{"line":14,"column":4},"end":{"line":14,"column":14}},"3":{"start":{"line":19,"column":4},"end":{"line":52,"column":9}},"4":{"start":{"line":21,"column":8},"end":{"line":21,"column":19}},"5":{"start":{"line":23,"column":8},"end":{"line":35,"column":13}},"6":{"start":{"line":24,"column":12},"end":{"line":34,"column":13}},"7":{"start":{"line":25,"column":16},"end":{"line":28,"column":30}},"8":{"start":{"line":30,"column":16},"end":{"line":33,"column":27}},"9":{"start":{"line":37,"column":8},"end":{"line":39,"column":21}},"10":{"start":{"line":41,"column":8},"end":{"line":41,"column":54}},"11":{"start":{"line":43,"column":8},"end":{"line":43,"column":57}},"12":{"start":{"line":45,"column":8},"end":{"line":51,"column":9}},"13":{"start":{"line":46,"column":12},"end":{"line":46,"column":63}},"14":{"start":{"line":48,"column":12},"end":{"line":48,"column":35}},"15":{"start":{"line":49,"column":12},"end":{"line":49,"column":49}},"16":{"start":{"line":50,"column":12},"end":{"line":50,"column":43}}},"branchMap":{"1":{"line":25,"type":"binary-expr","locations":[{"start":{"line":25,"column":23},"end":{"line":25,"column":62}},{"start":{"line":26,"column":20},"end":{"line":26,"column":70}},{"start":{"line":27,"column":20},"end":{"line":27,"column":71}},{"start":{"line":28,"column":20},"end":{"line":28,"column":29}}]},"2":{"line":30,"type":"binary-expr","locations":[{"start":{"line":30,"column":23},"end":{"line":30,"column":37}},{"start":{"line":31,"column":20},"end":{"line":31,"column":61}},{"start":{"line":32,"column":20},"end":{"line":32,"column":70}},{"start":{"line":33,"column":20},"end":{"line":33,"column":26}}]},"3":{"line":37,"type":"cond-expr","locations":[{"start":{"line":38,"column":14},"end":{"line":38,"column":20}},{"start":{"line":39,"column":14},"end":{"line":39,"column":20}}]},"4":{"line":41,"type":"binary-expr","locations":[{"start":{"line":41,"column":16},"end":{"line":41,"column":44}},{"start":{"line":41,"column":48},"end":{"line":41,"column":53}}]},"5":{"line":45,"type":"if","locations":[{"start":{"line":45,"column":8},"end":{"line":45,"column":8}},{"start":{"line":45,"column":8},"end":{"line":45,"column":8}}]}},"code":["/* istanbul instrument in package npmtest_node_twitter */","/*jslint","    bitwise: true,","    browser: true,","    maxerr: 8,","    maxlen: 96,","    node: true,","    nomen: true,","    regexp: true,","    stupid: true","*/","(function () {","    'use strict';","    var local;","","","","    // run shared js-env code - init-before","    (function () {","        // init local","        local = {};","        // init modeJs","        local.modeJs = (function () {","            try {","                return typeof navigator.userAgent === 'string' &&","                    typeof document.querySelector('body') === 'object' &&","                    typeof XMLHttpRequest.prototype.open === 'function' &&","                    'browser';","            } catch (errorCaughtBrowser) {","                return module.exports &&","                    typeof process.versions.node === 'string' &&","                    typeof require('http').createServer === 'function' &&","                    'node';","            }","        }());","        // init global","        local.global = local.modeJs === 'browser'","            ? window","            : global;","        // init utility2_rollup","        local = local.global.utility2_rollup || local;","        // init lib","        local.local = local.npmtest_node_twitter = local;","        // init exports","        if (local.modeJs === 'browser') {","            local.global.utility2_npmtest_node_twitter = local;","        } else {","            module.exports = local;","            module.exports.__dirname = __dirname;","            module.exports.module = module;","        }","    }());","}());",""],"l":{"12":2,"14":2,"19":2,"21":2,"23":2,"24":2,"25":2,"30":1,"37":2,"41":2,"43":2,"45":2,"46":1,"48":1,"49":1,"50":1}},"/home/travis/build/npmtest/node-npmtest-node-twitter/example.js":{"path":"/home/travis/build/npmtest/node-npmtest-node-twitter/example.js","s":{"1":2,"2":2,"3":2,"4":2,"5":2,"6":2,"7":2,"8":1,"9":2,"10":2,"11":2,"12":2,"13":1,"14":2,"15":2,"16":2,"17":2,"18":2,"19":0,"20":2,"21":1,"22":1,"23":1,"24":1,"25":1,"26":0,"27":0,"28":1,"29":1,"30":2,"31":0,"32":0,"33":0,"34":1,"35":2,"36":2,"37":3,"38":3,"39":3,"40":3,"41":0,"42":3,"43":3,"44":3,"45":1,"46":3,"47":1,"48":1,"49":1,"50":1,"51":1,"52":1,"53":1,"54":1,"55":1,"56":1,"57":0,"58":1,"59":6,"60":6,"61":1,"62":2,"63":0,"64":2,"65":1,"66":1,"67":0,"68":0,"69":0,"70":0,"71":0,"72":0,"73":0,"74":0,"75":0,"76":0,"77":0,"78":0,"79":0,"80":0,"81":0,"82":0,"83":0},"b":{"1":[2,1,1,1],"2":[1,1,1,1],"3":[1,1],"4":[2,2],"5":[1,1],"6":[1,1],"7":[2,0],"8":[2,1,1,1,1,1],"9":[0,2,0],"10":[1,1],"11":[2,1,1],"12":[1,0],"13":[0,2],"14":[2,0,0,0,0,0,0],"15":[0,3],"16":[3,0],"17":[1,1],"18":[0,1],"19":[1,2,0,2],"20":[1,0],"21":[1,1],"22":[0,0],"23":[0,0],"24":[0,0],"25":[0,0],"26":[0,0],"27":[0,0],"28":[0,0]},"f":{"1":2,"2":2,"3":2,"4":2,"5":2,"6":2,"7":3,"8":3,"9":3,"10":1,"11":6,"12":0},"fnMap":{"1":{"name":"(anonymous_1)","line":26,"loc":{"start":{"line":26,"column":1},"end":{"line":26,"column":13}}},"2":{"name":"(anonymous_2)","line":33,"loc":{"start":{"line":33,"column":5},"end":{"line":33,"column":17}}},"3":{"name":"(anonymous_3)","line":37,"loc":{"start":{"line":37,"column":24},"end":{"line":37,"column":36}}},"4":{"name":"(anonymous_4)","line":69,"loc":{"start":{"line":69,"column":31},"end":{"line":69,"column":48}},"skip":true},"5":{"name":"(anonymous_5)","line":78,"loc":{"start":{"line":78,"column":26},"end":{"line":78,"column":45}},"skip":true},"6":{"name":"(anonymous_6)","line":123,"loc":{"start":{"line":123,"column":33},"end":{"line":123,"column":48}},"skip":true},"7":{"name":"(anonymous_7)","line":125,"loc":{"start":{"line":125,"column":27},"end":{"line":125,"column":39}},"skip":true},"8":{"name":"(anonymous_8)","line":133,"loc":{"start":{"line":133,"column":59},"end":{"line":133,"column":74}},"skip":true},"9":{"name":"(anonymous_9)","line":143,"loc":{"start":{"line":143,"column":45},"end":{"line":143,"column":62}},"skip":true},"10":{"name":"(anonymous_10)","line":144,"loc":{"start":{"line":144,"column":73},"end":{"line":144,"column":92}},"skip":true},"11":{"name":"(anonymous_11)","line":272,"loc":{"start":{"line":272,"column":51},"end":{"line":272,"column":77}},"skip":true},"12":{"name":"(anonymous_12)","line":315,"loc":{"start":{"line":315,"column":32},"end":{"line":315,"column":61}},"skip":true}},"statementMap":{"1":{"start":{"line":26,"column":0},"end":{"line":326,"column":5}},"2":{"start":{"line":28,"column":4},"end":{"line":28,"column":14}},"3":{"start":{"line":33,"column":4},"end":{"line":60,"column":9}},"4":{"start":{"line":35,"column":8},"end":{"line":35,"column":19}},"5":{"start":{"line":37,"column":8},"end":{"line":49,"column":13}},"6":{"start":{"line":38,"column":12},"end":{"line":48,"column":13}},"7":{"start":{"line":39,"column":16},"end":{"line":42,"column":30}},"8":{"start":{"line":44,"column":16},"end":{"line":47,"column":27}},"9":{"start":{"line":51,"column":8},"end":{"line":53,"column":21}},"10":{"start":{"line":55,"column":8},"end":{"line":57,"column":45}},"11":{"start":{"line":59,"column":8},"end":{"line":59,"column":35}},"12":{"start":{"line":61,"column":4},"end":{"line":325,"column":5}},"13":{"start":{"line":69,"column":8},"end":{"line":121,"column":10},"skip":true},"14":{"start":{"line":70,"column":12},"end":{"line":88,"column":13},"skip":true},"15":{"start":{"line":76,"column":16},"end":{"line":87,"column":19},"skip":true},"16":{"start":{"line":79,"column":20},"end":{"line":86,"column":21},"skip":true},"17":{"start":{"line":82,"column":24},"end":{"line":82,"column":43},"skip":true},"18":{"start":{"line":83,"column":24},"end":{"line":83,"column":30},"skip":true},"19":{"start":{"line":85,"column":24},"end":{"line":85,"column":49},"skip":true},"20":{"start":{"line":89,"column":12},"end":{"line":107,"column":13},"skip":true},"21":{"start":{"line":92,"column":16},"end":{"line":102,"column":17},"skip":true},"22":{"start":{"line":93,"column":20},"end":{"line":93,"column":86},"skip":true},"23":{"start":{"line":94,"column":20},"end":{"line":95,"column":45},"skip":true},"24":{"start":{"line":96,"column":20},"end":{"line":96,"column":42},"skip":true},"25":{"start":{"line":97,"column":20},"end":{"line":97,"column":48},"skip":true},"26":{"start":{"line":100,"column":20},"end":{"line":100,"column":85},"skip":true},"27":{"start":{"line":101,"column":20},"end":{"line":101,"column":96},"skip":true},"28":{"start":{"line":103,"column":16},"end":{"line":103,"column":22},"skip":true},"29":{"start":{"line":106,"column":16},"end":{"line":106,"column":22},"skip":true},"30":{"start":{"line":108,"column":12},"end":{"line":120,"column":13},"skip":true},"31":{"start":{"line":114,"column":16},"end":{"line":119,"column":17},"skip":true},"32":{"start":{"line":116,"column":20},"end":{"line":116,"column":78},"skip":true},"33":{"start":{"line":118,"column":20},"end":{"line":118,"column":47},"skip":true},"34":{"start":{"line":123,"column":8},"end":{"line":141,"column":11},"skip":true},"35":{"start":{"line":124,"column":12},"end":{"line":124,"column":54},"skip":true},"36":{"start":{"line":125,"column":12},"end":{"line":140,"column":14},"skip":true},"37":{"start":{"line":126,"column":16},"end":{"line":126,"column":28},"skip":true},"38":{"start":{"line":127,"column":16},"end":{"line":127,"column":69},"skip":true},"39":{"start":{"line":128,"column":16},"end":{"line":128,"column":75},"skip":true},"40":{"start":{"line":129,"column":16},"end":{"line":131,"column":17},"skip":true},"41":{"start":{"line":130,"column":20},"end":{"line":130,"column":27},"skip":true},"42":{"start":{"line":133,"column":16},"end":{"line":137,"column":36},"skip":true},"43":{"start":{"line":134,"column":20},"end":{"line":136,"column":55},"skip":true},"44":{"start":{"line":139,"column":16},"end":{"line":139,"column":57},"skip":true},"45":{"start":{"line":143,"column":8},"end":{"line":147,"column":11},"skip":true},"46":{"start":{"line":144,"column":12},"end":{"line":146,"column":15},"skip":true},"47":{"start":{"line":145,"column":16},"end":{"line":145,"column":70},"skip":true},"48":{"start":{"line":149,"column":8},"end":{"line":149,"column":31},"skip":true},"49":{"start":{"line":150,"column":8},"end":{"line":150,"column":14},"skip":true},"50":{"start":{"line":158,"column":8},"end":{"line":158,"column":31},"skip":true},"51":{"start":{"line":160,"column":8},"end":{"line":160,"column":33},"skip":true},"52":{"start":{"line":161,"column":8},"end":{"line":161,"column":37},"skip":true},"53":{"start":{"line":162,"column":8},"end":{"line":162,"column":35},"skip":true},"54":{"start":{"line":164,"column":8},"end":{"line":164,"column":50},"skip":true},"55":{"start":{"line":166,"column":8},"end":{"line":256,"column":2},"skip":true},"56":{"start":{"line":258,"column":8},"end":{"line":286,"column":9},"skip":true},"57":{"start":{"line":259,"column":12},"end":{"line":269,"column":14},"skip":true},"58":{"start":{"line":271,"column":12},"end":{"line":285,"column":19},"skip":true},"59":{"start":{"line":274,"column":20},"end":{"line":274,"column":35},"skip":true},"60":{"start":{"line":275,"column":20},"end":{"line":284,"column":21},"skip":true},"61":{"start":{"line":277,"column":24},"end":{"line":277,"column":64},"skip":true},"62":{"start":{"line":279,"column":24},"end":{"line":279,"column":40},"skip":true},"63":{"start":{"line":281,"column":24},"end":{"line":281,"column":40},"skip":true},"64":{"start":{"line":283,"column":24},"end":{"line":283,"column":39},"skip":true},"65":{"start":{"line":288,"column":8},"end":{"line":290,"column":9},"skip":true},"66":{"start":{"line":289,"column":12},"end":{"line":289,"column":18},"skip":true},"67":{"start":{"line":291,"column":8},"end":{"line":293,"column":54},"skip":true},"68":{"start":{"line":296,"column":8},"end":{"line":301,"column":37},"skip":true},"69":{"start":{"line":303,"column":8},"end":{"line":303,"column":82},"skip":true},"70":{"start":{"line":306,"column":8},"end":{"line":308,"column":9},"skip":true},"71":{"start":{"line":307,"column":12},"end":{"line":307,"column":82},"skip":true},"72":{"start":{"line":310,"column":8},"end":{"line":312,"column":9},"skip":true},"73":{"start":{"line":311,"column":12},"end":{"line":311,"column":18},"skip":true},"74":{"start":{"line":313,"column":8},"end":{"line":313,"column":54},"skip":true},"75":{"start":{"line":314,"column":8},"end":{"line":314,"column":69},"skip":true},"76":{"start":{"line":315,"column":8},"end":{"line":323,"column":36},"skip":true},"77":{"start":{"line":316,"column":12},"end":{"line":316,"column":61},"skip":true},"78":{"start":{"line":317,"column":12},"end":{"line":320,"column":13},"skip":true},"79":{"start":{"line":318,"column":16},"end":{"line":318,"column":75},"skip":true},"80":{"start":{"line":319,"column":16},"end":{"line":319,"column":23},"skip":true},"81":{"start":{"line":321,"column":12},"end":{"line":321,"column":38},"skip":true},"82":{"start":{"line":322,"column":12},"end":{"line":322,"column":27},"skip":true},"83":{"start":{"line":324,"column":8},"end":{"line":324,"column":14},"skip":true}},"branchMap":{"1":{"line":39,"type":"binary-expr","locations":[{"start":{"line":39,"column":23},"end":{"line":39,"column":62}},{"start":{"line":40,"column":20},"end":{"line":40,"column":70}},{"start":{"line":41,"column":20},"end":{"line":41,"column":71}},{"start":{"line":42,"column":20},"end":{"line":42,"column":29}}]},"2":{"line":44,"type":"binary-expr","locations":[{"start":{"line":44,"column":23},"end":{"line":44,"column":37}},{"start":{"line":45,"column":20},"end":{"line":45,"column":61}},{"start":{"line":46,"column":20},"end":{"line":46,"column":70}},{"start":{"line":47,"column":20},"end":{"line":47,"column":26}}]},"3":{"line":51,"type":"cond-expr","locations":[{"start":{"line":52,"column":14},"end":{"line":52,"column":20}},{"start":{"line":53,"column":14},"end":{"line":53,"column":20}}]},"4":{"line":55,"type":"binary-expr","locations":[{"start":{"line":55,"column":16},"end":{"line":55,"column":44}},{"start":{"line":55,"column":49},"end":{"line":57,"column":43}}]},"5":{"line":55,"type":"cond-expr","locations":[{"start":{"line":56,"column":14},"end":{"line":56,"column":56}},{"start":{"line":57,"column":14},"end":{"line":57,"column":43}}]},"6":{"line":61,"type":"switch","locations":[{"start":{"line":68,"column":4},"end":{"line":150,"column":14},"skip":true},{"start":{"line":156,"column":4},"end":{"line":324,"column":14},"skip":true}]},"7":{"line":70,"type":"if","locations":[{"start":{"line":70,"column":12},"end":{"line":70,"column":12},"skip":true},{"start":{"line":70,"column":12},"end":{"line":70,"column":12},"skip":true}]},"8":{"line":70,"type":"binary-expr","locations":[{"start":{"line":70,"column":16},"end":{"line":70,"column":22},"skip":true},{"start":{"line":70,"column":27},"end":{"line":70,"column":32},"skip":true},{"start":{"line":71,"column":20},"end":{"line":71,"column":39},"skip":true},{"start":{"line":72,"column":20},"end":{"line":72,"column":49},"skip":true},{"start":{"line":73,"column":20},"end":{"line":73,"column":58},"skip":true},{"start":{"line":74,"column":20},"end":{"line":74,"column":69},"skip":true}]},"9":{"line":79,"type":"switch","locations":[{"start":{"line":80,"column":20},"end":{"line":80,"column":33},"skip":true},{"start":{"line":81,"column":20},"end":{"line":83,"column":30},"skip":true},{"start":{"line":84,"column":20},"end":{"line":85,"column":49},"skip":true}]},"10":{"line":89,"type":"switch","locations":[{"start":{"line":90,"column":12},"end":{"line":103,"column":22},"skip":true},{"start":{"line":105,"column":12},"end":{"line":106,"column":22},"skip":true}]},"11":{"line":89,"type":"binary-expr","locations":[{"start":{"line":89,"column":20},"end":{"line":89,"column":25},"skip":true},{"start":{"line":89,"column":29},"end":{"line":89,"column":48},"skip":true},{"start":{"line":89,"column":52},"end":{"line":89,"column":74},"skip":true}]},"12":{"line":92,"type":"if","locations":[{"start":{"line":92,"column":16},"end":{"line":92,"column":16},"skip":true},{"start":{"line":92,"column":16},"end":{"line":92,"column":16},"skip":true}]},"13":{"line":108,"type":"if","locations":[{"start":{"line":108,"column":12},"end":{"line":108,"column":12},"skip":true},{"start":{"line":108,"column":12},"end":{"line":108,"column":12},"skip":true}]},"14":{"line":108,"type":"binary-expr","locations":[{"start":{"line":108,"column":16},"end":{"line":108,"column":61},"skip":true},{"start":{"line":108,"column":66},"end":{"line":108,"column":72},"skip":true},{"start":{"line":108,"column":77},"end":{"line":108,"column":82},"skip":true},{"start":{"line":109,"column":20},"end":{"line":109,"column":39},"skip":true},{"start":{"line":110,"column":20},"end":{"line":110,"column":49},"skip":true},{"start":{"line":111,"column":20},"end":{"line":111,"column":58},"skip":true},{"start":{"line":112,"column":20},"end":{"line":112,"column":68},"skip":true}]},"15":{"line":129,"type":"if","locations":[{"start":{"line":129,"column":16},"end":{"line":129,"column":16},"skip":true},{"start":{"line":129,"column":16},"end":{"line":129,"column":16},"skip":true}]},"16":{"line":134,"type":"cond-expr","locations":[{"start":{"line":135,"column":26},"end":{"line":135,"column":29},"skip":true},{"start":{"line":136,"column":26},"end":{"line":136,"column":54},"skip":true}]},"17":{"line":164,"type":"binary-expr","locations":[{"start":{"line":164,"column":27},"end":{"line":164,"column":43},"skip":true},{"start":{"line":164,"column":47},"end":{"line":164,"column":49},"skip":true}]},"18":{"line":258,"type":"if","locations":[{"start":{"line":258,"column":8},"end":{"line":258,"column":8},"skip":true},{"start":{"line":258,"column":8},"end":{"line":258,"column":8},"skip":true}]},"19":{"line":275,"type":"switch","locations":[{"start":{"line":276,"column":20},"end":{"line":277,"column":64},"skip":true},{"start":{"line":278,"column":20},"end":{"line":279,"column":40},"skip":true},{"start":{"line":280,"column":20},"end":{"line":281,"column":40},"skip":true},{"start":{"line":282,"column":20},"end":{"line":283,"column":39},"skip":true}]},"20":{"line":288,"type":"if","locations":[{"start":{"line":288,"column":8},"end":{"line":288,"column":8},"skip":true},{"start":{"line":288,"column":8},"end":{"line":288,"column":8},"skip":true}]},"21":{"line":288,"type":"binary-expr","locations":[{"start":{"line":288,"column":12},"end":{"line":288,"column":40},"skip":true},{"start":{"line":288,"column":44},"end":{"line":288,"column":67},"skip":true}]},"22":{"line":292,"type":"binary-expr","locations":[{"start":{"line":292,"column":12},"end":{"line":292,"column":50},"skip":true},{"start":{"line":293,"column":12},"end":{"line":293,"column":53},"skip":true}]},"23":{"line":297,"type":"binary-expr","locations":[{"start":{"line":297,"column":12},"end":{"line":297,"column":70},"skip":true},{"start":{"line":298,"column":12},"end":{"line":301,"column":36},"skip":true}]},"24":{"line":303,"type":"binary-expr","locations":[{"start":{"line":303,"column":43},"end":{"line":303,"column":75},"skip":true},{"start":{"line":303,"column":79},"end":{"line":303,"column":81},"skip":true}]},"25":{"line":306,"type":"if","locations":[{"start":{"line":306,"column":8},"end":{"line":306,"column":8},"skip":true},{"start":{"line":306,"column":8},"end":{"line":306,"column":8},"skip":true}]},"26":{"line":310,"type":"if","locations":[{"start":{"line":310,"column":8},"end":{"line":310,"column":8},"skip":true},{"start":{"line":310,"column":8},"end":{"line":310,"column":8},"skip":true}]},"27":{"line":313,"type":"binary-expr","locations":[{"start":{"line":313,"column":27},"end":{"line":313,"column":43},"skip":true},{"start":{"line":313,"column":47},"end":{"line":313,"column":53},"skip":true}]},"28":{"line":317,"type":"if","locations":[{"start":{"line":317,"column":12},"end":{"line":317,"column":12},"skip":true},{"start":{"line":317,"column":12},"end":{"line":317,"column":12},"skip":true}]}},"code":["/*","example.js","","quickstart example","","instruction","    1. save this script as example.js","    2. run the shell command:","        $ npm install npmtest-node-twitter && PORT=8081 node example.js","    3. play with the browser-demo on http://127.0.0.1:8081","*/","","","","/* istanbul instrument in package npmtest_node_twitter */","/*jslint","    bitwise: true,","    browser: true,","    maxerr: 8,","    maxlen: 96,","    node: true,","    nomen: true,","    regexp: true,","    stupid: true","*/","(function () {","    'use strict';","    var local;","","","","    // run shared js-env code - init-before","    (function () {","        // init local","        local = {};","        // init modeJs","        local.modeJs = (function () {","            try {","                return typeof navigator.userAgent === 'string' &&","                    typeof document.querySelector('body') === 'object' &&","                    typeof XMLHttpRequest.prototype.open === 'function' &&","                    'browser';","            } catch (errorCaughtBrowser) {","                return module.exports &&","                    typeof process.versions.node === 'string' &&","                    typeof require('http').createServer === 'function' &&","                    'node';","            }","        }());","        // init global","        local.global = local.modeJs === 'browser'","            ? window","            : global;","        // init utility2_rollup","        local = local.global.utility2_rollup || (local.modeJs === 'browser'","            ? local.global.utility2_npmtest_node_twitter","            : global.utility2_moduleExports);","        // export local","        local.global.local = local;","    }());","    switch (local.modeJs) {","","","","    // init-after","    // run browser js-env code - init-after","    /* istanbul ignore next */","    case 'browser':","        local.testRunBrowser = function (event) {","            if (!event || (event &&","                    event.currentTarget &&","                    event.currentTarget.className &&","                    event.currentTarget.className.includes &&","                    event.currentTarget.className.includes('onreset'))) {","                // reset output","                Array.from(","                    document.querySelectorAll('body > .resettable')","                ).forEach(function (element) {","                    switch (element.tagName) {","                    case 'INPUT':","                    case 'TEXTAREA':","                        element.value = '';","                        break;","                    default:","                        element.textContent = '';","                    }","                });","            }","            switch (event && event.currentTarget && event.currentTarget.id) {","            case 'testRunButton1':","                // show tests","                if (document.querySelector('#testReportDiv1').style.display === 'none') {","                    document.querySelector('#testReportDiv1').style.display = 'block';","                    document.querySelector('#testRunButton1').textContent =","                        'hide internal test';","                    local.modeTest = true;","                    local.testRunDefault(local);","                // hide tests","                } else {","                    document.querySelector('#testReportDiv1').style.display = 'none';","                    document.querySelector('#testRunButton1').textContent = 'run internal test';","                }","                break;","            // custom-case","            default:","                break;","            }","            if (document.querySelector('#inputTextareaEval1') && (!event || (event &&","                    event.currentTarget &&","                    event.currentTarget.className &&","                    event.currentTarget.className.includes &&","                    event.currentTarget.className.includes('oneval')))) {","                // try to eval input-code","                try {","                    /*jslint evil: true*/","                    eval(document.querySelector('#inputTextareaEval1').value);","                } catch (errorCaught) {","                    console.error(errorCaught);","                }","            }","        };","        // log stderr and stdout to #outputTextareaStdout1","        ['error', 'log'].forEach(function (key) {","            console[key + '_original'] = console[key];","            console[key] = function () {","                var element;","                console[key + '_original'].apply(console, arguments);","                element = document.querySelector('#outputTextareaStdout1');","                if (!element) {","                    return;","                }","                // append text to #outputTextareaStdout1","                element.value += Array.from(arguments).map(function (arg) {","                    return typeof arg === 'string'","                        ? arg","                        : JSON.stringify(arg, null, 4);","                }).join(' ') + '\\n';","                // scroll textarea to bottom","                element.scrollTop = element.scrollHeight;","            };","        });","        // init event-handling","        ['change', 'click', 'keyup'].forEach(function (event) {","            Array.from(document.querySelectorAll('.on' + event)).forEach(function (element) {","                element.addEventListener(event, local.testRunBrowser);","            });","        });","        // run tests","        local.testRunBrowser();","        break;","","","","    // run node js-env code - init-after","    /* istanbul ignore next */","    case 'node':","        // export local","        module.exports = local;","        // require modules","        local.fs = require('fs');","        local.http = require('http');","        local.url = require('url');","        // init assets","        local.assetsDict = local.assetsDict || {};","        /* jslint-ignore-begin */","        local.assetsDict['/assets.index.template.html'] = '\\","<!doctype html>\\n\\","<html lang=\"en\">\\n\\","<head>\\n\\","<meta charset=\"UTF-8\">\\n\\","<meta name=\"viewport\" content=\"width=device-width, initial-scale=1\">\\n\\","<title>{{env.npm_package_name}} (v{{env.npm_package_version}})</title>\\n\\","<style>\\n\\","/*csslint\\n\\","    box-sizing: false,\\n\\","    universal-selector: false\\n\\","*/\\n\\","* {\\n\\","    box-sizing: border-box;\\n\\","}\\n\\","body {\\n\\","    background: #dde;\\n\\","    font-family: Arial, Helvetica, sans-serif;\\n\\","    margin: 2rem;\\n\\","}\\n\\","body > * {\\n\\","    margin-bottom: 1rem;\\n\\","}\\n\\",".utility2FooterDiv {\\n\\","    margin-top: 20px;\\n\\","    text-align: center;\\n\\","}\\n\\","</style>\\n\\","<style>\\n\\","/*csslint\\n\\","*/\\n\\","textarea {\\n\\","    font-family: monospace;\\n\\","    height: 10rem;\\n\\","    width: 100%;\\n\\","}\\n\\","textarea[readonly] {\\n\\","    background: #ddd;\\n\\","}\\n\\","</style>\\n\\","</head>\\n\\","<body>\\n\\","<!-- utility2-comment\\n\\","<div id=\"ajaxProgressDiv1\" style=\"background: #d00; height: 2px; left: 0; margin: 0; padding: 0; position: fixed; top: 0; transition: background 0.5s, width 1.5s; width: 25%;\"></div>\\n\\","utility2-comment -->\\n\\","<h1>\\n\\","<!-- utility2-comment\\n\\","    <a\\n\\","        {{#if env.npm_package_homepage}}\\n\\","        href=\"{{env.npm_package_homepage}}\"\\n\\","        {{/if env.npm_package_homepage}}\\n\\","        target=\"_blank\"\\n\\","    >\\n\\","utility2-comment -->\\n\\","        {{env.npm_package_name}} (v{{env.npm_package_version}})\\n\\","<!-- utility2-comment\\n\\","    </a>\\n\\","utility2-comment -->\\n\\","</h1>\\n\\","<h3>{{env.npm_package_description}}</h3>\\n\\","<!-- utility2-comment\\n\\","<h4><a download href=\"assets.app.js\">download standalone app</a></h4>\\n\\","<button class=\"onclick onreset\" id=\"testRunButton1\">run internal test</button><br>\\n\\","<div id=\"testReportDiv1\" style=\"display: none;\"></div>\\n\\","utility2-comment -->\\n\\","\\n\\","\\n\\","\\n\\","<label>stderr and stdout</label>\\n\\","<textarea class=\"resettable\" id=\"outputTextareaStdout1\" readonly></textarea>\\n\\","<!-- utility2-comment\\n\\","{{#if isRollup}}\\n\\","<script src=\"assets.app.js\"></script>\\n\\","{{#unless isRollup}}\\n\\","utility2-comment -->\\n\\","<script src=\"assets.utility2.rollup.js\"></script>\\n\\","<script src=\"jsonp.utility2._stateInit?callback=window.utility2._stateInit\"></script>\\n\\","<script src=\"assets.npmtest_node_twitter.rollup.js\"></script>\\n\\","<script src=\"assets.example.js\"></script>\\n\\","<script src=\"assets.test.js\"></script>\\n\\","<!-- utility2-comment\\n\\","{{/if isRollup}}\\n\\","utility2-comment -->\\n\\","<div class=\"utility2FooterDiv\">\\n\\","    [ this app was created with\\n\\","    <a href=\"https://github.com/kaizhu256/node-utility2\" target=\"_blank\">utility2</a>\\n\\","    ]\\n\\","</div>\\n\\","</body>\\n\\","</html>\\n\\","';","        /* jslint-ignore-end */","        if (local.templateRender) {","            local.assetsDict['/'] = local.templateRender(","                local.assetsDict['/assets.index.template.html'],","                {","                    env: local.objectSetDefault(local.env, {","                        npm_package_description: 'the greatest app in the world!',","                        npm_package_name: 'my-app',","                        npm_package_nameAlias: 'my_app',","                        npm_package_version: '0.0.1'","                    })","                }","            );","        } else {","            local.assetsDict['/'] = local.assetsDict['/assets.index.template.html']","                .replace((/\\{\\{env\\.(\\w+?)\\}\\}/g), function (match0, match1) {","                    // jslint-hack","                    String(match0);","                    switch (match1) {","                    case 'npm_package_description':","                        return 'the greatest app in the world!';","                    case 'npm_package_name':","                        return 'my-app';","                    case 'npm_package_nameAlias':","                        return 'my_app';","                    case 'npm_package_version':","                        return '0.0.1';","                    }","                });","        }","        // run the cli","        if (local.global.utility2_rollup || module !== require.main) {","            break;","        }","        local.assetsDict['/assets.example.js'] =","            local.assetsDict['/assets.example.js'] ||","            local.fs.readFileSync(__filename, 'utf8');","        // bug-workaround - long $npm_package_buildCustomOrg","        /* jslint-ignore-begin */","        local.assetsDict['/assets.npmtest_node_twitter.rollup.js'] =","            local.assetsDict['/assets.npmtest_node_twitter.rollup.js'] ||","            local.fs.readFileSync(","                local.npmtest_node_twitter.__dirname + '/lib.npmtest_node_twitter.js',","                'utf8'","            ).replace((/^#!/), '//');","        /* jslint-ignore-end */","        local.assetsDict['/favicon.ico'] = local.assetsDict['/favicon.ico'] || '';","        // if $npm_config_timeout_exit exists,","        // then exit this process after $npm_config_timeout_exit ms","        if (Number(process.env.npm_config_timeout_exit)) {","            setTimeout(process.exit, Number(process.env.npm_config_timeout_exit));","        }","        // start server","        if (local.global.utility2_serverHttp1) {","            break;","        }","        process.env.PORT = process.env.PORT || '8081';","        console.error('server starting on port ' + process.env.PORT);","        local.http.createServer(function (request, response) {","            request.urlParsed = local.url.parse(request.url);","            if (local.assetsDict[request.urlParsed.pathname] !== undefined) {","                response.end(local.assetsDict[request.urlParsed.pathname]);","                return;","            }","            response.statusCode = 404;","            response.end();","        }).listen(process.env.PORT);","        break;","    }","}());",""],"l":{"26":2,"28":2,"33":2,"35":2,"37":2,"38":2,"39":2,"44":1,"51":2,"55":2,"59":2,"61":2,"69":1,"70":2,"76":2,"79":2,"82":2,"83":2,"85":1,"89":2,"92":1,"93":1,"94":1,"96":1,"97":1,"100":1,"101":1,"103":1,"106":1,"108":2,"114":1,"116":1,"118":1,"123":1,"124":2,"125":2,"126":3,"127":3,"128":3,"129":3,"130":1,"133":3,"134":3,"139":3,"143":1,"144":3,"145":1,"149":1,"150":1,"158":1,"160":1,"161":1,"162":1,"164":1,"166":1,"258":1,"259":1,"271":1,"274":6,"275":6,"277":1,"279":2,"281":1,"283":2,"288":1,"289":1,"291":1,"296":1,"303":1,"306":1,"307":1,"310":1,"311":1,"313":1,"314":1,"315":1,"316":1,"317":1,"318":1,"319":1,"321":1,"322":1,"324":1}},"/home/travis/build/npmtest/node-npmtest-node-twitter/node_modules/node-twitter/lib/Twitter.js":{"path":"/home/travis/build/npmtest/node-npmtest-node-twitter/node_modules/node-twitter/lib/Twitter.js","s":{"1":1},"b":{},"f":{},"fnMap":{},"statementMap":{"1":{"start":{"line":1,"column":0},"end":{"line":5,"column":2}}},"branchMap":{},"code":["module.exports = {","    RestClient: require('./RestClient'),","    SearchClient: require('./SearchClient'),","    StreamClient: require('./StreamClient')","};",""],"l":{"1":1}},"/home/travis/build/npmtest/node-npmtest-node-twitter/node_modules/node-twitter/lib/RestClient.js":{"path":"/home/travis/build/npmtest/node-npmtest-node-twitter/node_modules/node-twitter/lib/RestClient.js","s":{"1":1,"2":1,"3":1,"4":1,"5":1,"6":1,"7":0,"8":0,"9":0,"10":0,"11":0,"12":1,"13":1,"14":0,"15":0,"16":0,"17":0,"18":0,"19":0,"20":0,"21":1,"22":0,"23":0,"24":0,"25":0,"26":0,"27":0,"28":0,"29":0,"30":1,"31":0,"32":0,"33":0,"34":0,"35":0,"36":0,"37":1,"38":0,"39":0,"40":0,"41":0,"42":1,"43":0,"44":0,"45":0,"46":0,"47":1,"48":0,"49":0,"50":0,"51":0,"52":1,"53":0,"54":0,"55":0,"56":0,"57":0,"58":0,"59":0,"60":0,"61":1,"62":0,"63":0,"64":0,"65":0,"66":0,"67":0,"68":0,"69":0,"70":1,"71":0,"72":0,"73":0,"74":0,"75":0,"76":0,"77":0,"78":0,"79":0,"80":0,"81":1,"82":0,"83":0,"84":0,"85":0,"86":0,"87":0,"88":0,"89":0,"90":0,"91":0,"92":1,"93":0,"94":0,"95":0,"96":0,"97":1,"98":0,"99":0,"100":0,"101":0,"102":0,"103":0,"104":0,"105":1,"106":0,"107":0,"108":0,"109":0,"110":0,"111":0,"112":0,"113":0,"114":0,"115":1,"116":0,"117":0,"118":0,"119":0,"120":0,"121":0,"122":0,"123":1,"124":0,"125":0,"126":0,"127":0,"128":0,"129":0,"130":0,"131":0,"132":0,"133":1,"134":0,"135":0,"136":0,"137":0,"138":0,"139":0,"140":0,"141":1,"142":0,"143":0,"144":0,"145":0,"146":0,"147":0,"148":0,"149":0,"150":0,"151":0,"152":0,"153":0,"154":1,"155":0,"156":0,"157":0,"158":0,"159":0,"160":0,"161":0,"162":0,"163":0,"164":1,"165":0,"166":0,"167":0,"168":0,"169":0,"170":0,"171":0,"172":0,"173":0,"174":0,"175":0,"176":0,"177":0,"178":0,"179":0,"180":0,"181":1,"182":0,"183":0,"184":0,"185":0,"186":0,"187":0,"188":0,"189":0,"190":0,"191":0,"192":0,"193":1,"194":0,"195":0,"196":0,"197":0,"198":0,"199":0,"200":0,"201":0,"202":0,"203":1,"204":0,"205":0,"206":0,"207":0,"208":0,"209":0,"210":0,"211":0,"212":0,"213":0,"214":0,"215":1,"216":0,"217":0,"218":0,"219":0,"220":0,"221":0,"222":0,"223":0,"224":0,"225":0,"226":0,"227":1,"228":0,"229":0,"230":0,"231":0,"232":0,"233":0,"234":0,"235":0,"236":1,"237":0,"238":0,"239":0,"240":0,"241":0,"242":0,"243":0,"244":0,"245":0,"246":0,"247":0,"248":0,"249":0,"250":1,"251":0,"252":0,"253":1,"254":0,"255":0,"256":0,"257":0,"258":1,"259":0,"260":1},"b":{"1":[0,0],"2":[0,0],"3":[0,0],"4":[0,0],"5":[0,0],"6":[0,0],"7":[0,0],"8":[0,0],"9":[0,0],"10":[0,0],"11":[0,0],"12":[0,0],"13":[0,0],"14":[0,0]},"f":{"1":0,"2":0,"3":0,"4":0,"5":0,"6":0,"7":0,"8":0,"9":0,"10":0,"11":0,"12":0,"13":0,"14":0,"15":0,"16":0,"17":0,"18":0,"19":0,"20":0,"21":0,"22":0,"23":0,"24":0,"25":0,"26":0,"27":0,"28":0,"29":0},"fnMap":{"1":{"name":"(anonymous_1)","line":17,"loc":{"start":{"line":17,"column":17},"end":{"line":18,"column":0}}},"2":{"name":"(anonymous_2)","line":40,"loc":{"start":{"line":40,"column":38},"end":{"line":41,"column":0}}},"3":{"name":"(anonymous_3)","line":61,"loc":{"start":{"line":61,"column":45},"end":{"line":62,"column":0}}},"4":{"name":"(anonymous_4)","line":89,"loc":{"start":{"line":89,"column":42},"end":{"line":90,"column":0}}},"5":{"name":"(anonymous_5)","line":109,"loc":{"start":{"line":109,"column":41},"end":{"line":110,"column":0}}},"6":{"name":"(anonymous_6)","line":130,"loc":{"start":{"line":130,"column":34},"end":{"line":131,"column":0}}},"7":{"name":"(anonymous_7)","line":151,"loc":{"start":{"line":151,"column":35},"end":{"line":152,"column":0}}},"8":{"name":"(anonymous_8)","line":172,"loc":{"start":{"line":172,"column":36},"end":{"line":173,"column":0}}},"9":{"name":"(anonymous_9)","line":202,"loc":{"start":{"line":202,"column":37},"end":{"line":203,"column":0}}},"10":{"name":"(anonymous_10)","line":235,"loc":{"start":{"line":235,"column":44},"end":{"line":236,"column":0}}},"11":{"name":"(anonymous_11)","line":259,"loc":{"start":{"line":259,"column":40},"end":{"line":260,"column":0}}},"12":{"name":"(anonymous_12)","line":283,"loc":{"start":{"line":283,"column":46},"end":{"line":284,"column":0}}},"13":{"name":"(anonymous_13)","line":301,"loc":{"start":{"line":301,"column":45},"end":{"line":302,"column":0}}},"14":{"name":"(anonymous_14)","line":322,"loc":{"start":{"line":322,"column":47},"end":{"line":323,"column":0}}},"15":{"name":"(anonymous_15)","line":345,"loc":{"start":{"line":345,"column":45},"end":{"line":346,"column":0}}},"16":{"name":"(anonymous_16)","line":367,"loc":{"start":{"line":367,"column":47},"end":{"line":368,"column":0}}},"17":{"name":"(anonymous_17)","line":390,"loc":{"start":{"line":390,"column":44},"end":{"line":391,"column":0}}},"18":{"name":"(anonymous_18)","line":411,"loc":{"start":{"line":411,"column":44},"end":{"line":412,"column":0}}},"19":{"name":"(anonymous_19)","line":439,"loc":{"start":{"line":439,"column":39},"end":{"line":440,"column":0}}},"20":{"name":"(anonymous_20)","line":468,"loc":{"start":{"line":468,"column":38},"end":{"line":469,"column":0}}},"21":{"name":"(anonymous_21)","line":505,"loc":{"start":{"line":505,"column":39},"end":{"line":506,"column":0}}},"22":{"name":"(anonymous_22)","line":536,"loc":{"start":{"line":536,"column":43},"end":{"line":537,"column":0}}},"23":{"name":"(anonymous_23)","line":565,"loc":{"start":{"line":565,"column":46},"end":{"line":566,"column":0}}},"24":{"name":"(anonymous_24)","line":599,"loc":{"start":{"line":599,"column":40},"end":{"line":600,"column":0}}},"25":{"name":"(anonymous_25)","line":630,"loc":{"start":{"line":630,"column":36},"end":{"line":631,"column":0}}},"26":{"name":"(anonymous_26)","line":657,"loc":{"start":{"line":657,"column":38},"end":{"line":658,"column":0}}},"27":{"name":"(anonymous_27)","line":688,"loc":{"start":{"line":688,"column":47},"end":{"line":689,"column":0}}},"28":{"name":"(anonymous_28)","line":711,"loc":{"start":{"line":711,"column":35},"end":{"line":712,"column":0}}},"29":{"name":"(anonymous_29)","line":731,"loc":{"start":{"line":731,"column":50},"end":{"line":732,"column":0}}}},"statementMap":{"1":{"start":{"line":1,"column":0},"end":{"line":1,"column":27}},"2":{"start":{"line":2,"column":0},"end":{"line":2,"column":33}},"3":{"start":{"line":3,"column":0},"end":{"line":3,"column":39}},"4":{"start":{"line":4,"column":0},"end":{"line":4,"column":65}},"5":{"start":{"line":5,"column":0},"end":{"line":5,"column":45}},"6":{"start":{"line":17,"column":0},"end":{"line":25,"column":2}},"7":{"start":{"line":19,"column":4},"end":{"line":19,"column":71}},"8":{"start":{"line":21,"column":4},"end":{"line":21,"column":60}},"9":{"start":{"line":22,"column":4},"end":{"line":22,"column":48}},"10":{"start":{"line":23,"column":4},"end":{"line":23,"column":26}},"11":{"start":{"line":24,"column":4},"end":{"line":24,"column":51}},"12":{"start":{"line":27,"column":0},"end":{"line":27,"column":34}},"13":{"start":{"line":40,"column":0},"end":{"line":50,"column":1}},"14":{"start":{"line":42,"column":4},"end":{"line":42,"column":46}},"15":{"start":{"line":43,"column":4},"end":{"line":43,"column":56}},"16":{"start":{"line":44,"column":4},"end":{"line":44,"column":46}},"17":{"start":{"line":45,"column":4},"end":{"line":45,"column":45}},"18":{"start":{"line":46,"column":4},"end":{"line":46,"column":48}},"19":{"start":{"line":47,"column":4},"end":{"line":47,"column":51}},"20":{"start":{"line":49,"column":4},"end":{"line":49,"column":82}},"21":{"start":{"line":61,"column":0},"end":{"line":78,"column":1}},"22":{"start":{"line":63,"column":4},"end":{"line":63,"column":30}},"23":{"start":{"line":64,"column":4},"end":{"line":67,"column":5}},"24":{"start":{"line":66,"column":8},"end":{"line":66,"column":59}},"25":{"start":{"line":69,"column":4},"end":{"line":69,"column":43}},"26":{"start":{"line":70,"column":4},"end":{"line":70,"column":56}},"27":{"start":{"line":72,"column":4},"end":{"line":72,"column":51}},"28":{"start":{"line":75,"column":4},"end":{"line":75,"column":29}},"29":{"start":{"line":77,"column":4},"end":{"line":77,"column":74}},"30":{"start":{"line":89,"column":0},"end":{"line":98,"column":1}},"31":{"start":{"line":91,"column":4},"end":{"line":91,"column":46}},"32":{"start":{"line":92,"column":4},"end":{"line":92,"column":56}},"33":{"start":{"line":93,"column":4},"end":{"line":93,"column":46}},"34":{"start":{"line":94,"column":4},"end":{"line":94,"column":45}},"35":{"start":{"line":95,"column":4},"end":{"line":95,"column":48}},"36":{"start":{"line":97,"column":4},"end":{"line":97,"column":87}},"37":{"start":{"line":109,"column":0},"end":{"line":116,"column":1}},"38":{"start":{"line":111,"column":4},"end":{"line":111,"column":47}},"39":{"start":{"line":112,"column":4},"end":{"line":112,"column":51}},"40":{"start":{"line":113,"column":4},"end":{"line":113,"column":45}},"41":{"start":{"line":115,"column":4},"end":{"line":115,"column":87}},"42":{"start":{"line":130,"column":0},"end":{"line":140,"column":1}},"43":{"start":{"line":132,"column":4},"end":{"line":132,"column":51}},"44":{"start":{"line":133,"column":4},"end":{"line":133,"column":47}},"45":{"start":{"line":137,"column":4},"end":{"line":137,"column":39}},"46":{"start":{"line":139,"column":4},"end":{"line":139,"column":78}},"47":{"start":{"line":151,"column":0},"end":{"line":161,"column":1}},"48":{"start":{"line":153,"column":4},"end":{"line":153,"column":51}},"49":{"start":{"line":154,"column":4},"end":{"line":154,"column":47}},"50":{"start":{"line":158,"column":4},"end":{"line":158,"column":39}},"51":{"start":{"line":160,"column":4},"end":{"line":160,"column":79}},"52":{"start":{"line":172,"column":0},"end":{"line":189,"column":1}},"53":{"start":{"line":174,"column":4},"end":{"line":174,"column":47}},"54":{"start":{"line":175,"column":4},"end":{"line":175,"column":39}},"55":{"start":{"line":176,"column":4},"end":{"line":179,"column":5}},"56":{"start":{"line":178,"column":8},"end":{"line":178,"column":79}},"57":{"start":{"line":181,"column":4},"end":{"line":181,"column":51}},"58":{"start":{"line":182,"column":4},"end":{"line":182,"column":47}},"59":{"start":{"line":186,"column":4},"end":{"line":186,"column":39}},"60":{"start":{"line":188,"column":4},"end":{"line":188,"column":80}},"61":{"start":{"line":202,"column":0},"end":{"line":219,"column":1}},"62":{"start":{"line":204,"column":4},"end":{"line":204,"column":47}},"63":{"start":{"line":205,"column":4},"end":{"line":205,"column":39}},"64":{"start":{"line":206,"column":4},"end":{"line":209,"column":5}},"65":{"start":{"line":208,"column":8},"end":{"line":208,"column":79}},"66":{"start":{"line":211,"column":4},"end":{"line":211,"column":51}},"67":{"start":{"line":212,"column":4},"end":{"line":212,"column":47}},"68":{"start":{"line":216,"column":4},"end":{"line":216,"column":39}},"69":{"start":{"line":218,"column":4},"end":{"line":218,"column":81}},"70":{"start":{"line":235,"column":0},"end":{"line":248,"column":2}},"71":{"start":{"line":237,"column":4},"end":{"line":237,"column":59}},"72":{"start":{"line":238,"column":4},"end":{"line":238,"column":46}},"73":{"start":{"line":239,"column":4},"end":{"line":239,"column":55}},"74":{"start":{"line":240,"column":4},"end":{"line":240,"column":56}},"75":{"start":{"line":241,"column":4},"end":{"line":241,"column":56}},"76":{"start":{"line":242,"column":4},"end":{"line":242,"column":46}},"77":{"start":{"line":243,"column":4},"end":{"line":243,"column":45}},"78":{"start":{"line":244,"column":4},"end":{"line":244,"column":48}},"79":{"start":{"line":245,"column":4},"end":{"line":245,"column":49}},"80":{"start":{"line":247,"column":1},"end":{"line":247,"column":86}},"81":{"start":{"line":259,"column":0},"end":{"line":272,"column":2}},"82":{"start":{"line":261,"column":4},"end":{"line":261,"column":59}},"83":{"start":{"line":262,"column":4},"end":{"line":262,"column":46}},"84":{"start":{"line":263,"column":4},"end":{"line":263,"column":55}},"85":{"start":{"line":264,"column":4},"end":{"line":264,"column":56}},"86":{"start":{"line":265,"column":4},"end":{"line":265,"column":56}},"87":{"start":{"line":266,"column":4},"end":{"line":266,"column":46}},"88":{"start":{"line":267,"column":4},"end":{"line":267,"column":45}},"89":{"start":{"line":268,"column":4},"end":{"line":268,"column":48}},"90":{"start":{"line":269,"column":4},"end":{"line":269,"column":49}},"91":{"start":{"line":271,"column":4},"end":{"line":271,"column":84}},"92":{"start":{"line":283,"column":0},"end":{"line":290,"column":2}},"93":{"start":{"line":285,"column":4},"end":{"line":285,"column":46}},"94":{"start":{"line":286,"column":4},"end":{"line":286,"column":56}},"95":{"start":{"line":287,"column":4},"end":{"line":287,"column":49}},"96":{"start":{"line":289,"column":4},"end":{"line":289,"column":91}},"97":{"start":{"line":301,"column":0},"end":{"line":311,"column":2}},"98":{"start":{"line":303,"column":4},"end":{"line":303,"column":46}},"99":{"start":{"line":304,"column":4},"end":{"line":304,"column":56}},"100":{"start":{"line":305,"column":4},"end":{"line":305,"column":46}},"101":{"start":{"line":306,"column":4},"end":{"line":306,"column":45}},"102":{"start":{"line":307,"column":4},"end":{"line":307,"column":48}},"103":{"start":{"line":308,"column":4},"end":{"line":308,"column":49}},"104":{"start":{"line":310,"column":4},"end":{"line":310,"column":91}},"105":{"start":{"line":322,"column":0},"end":{"line":334,"column":2}},"106":{"start":{"line":324,"column":4},"end":{"line":324,"column":46}},"107":{"start":{"line":325,"column":4},"end":{"line":325,"column":56}},"108":{"start":{"line":326,"column":4},"end":{"line":326,"column":46}},"109":{"start":{"line":327,"column":4},"end":{"line":327,"column":45}},"110":{"start":{"line":328,"column":4},"end":{"line":328,"column":51}},"111":{"start":{"line":329,"column":4},"end":{"line":329,"column":48}},"112":{"start":{"line":330,"column":4},"end":{"line":330,"column":49}},"113":{"start":{"line":331,"column":4},"end":{"line":331,"column":47}},"114":{"start":{"line":333,"column":4},"end":{"line":333,"column":93}},"115":{"start":{"line":345,"column":0},"end":{"line":355,"column":2}},"116":{"start":{"line":347,"column":4},"end":{"line":347,"column":46}},"117":{"start":{"line":348,"column":4},"end":{"line":348,"column":56}},"118":{"start":{"line":349,"column":4},"end":{"line":349,"column":46}},"119":{"start":{"line":350,"column":4},"end":{"line":350,"column":45}},"120":{"start":{"line":351,"column":4},"end":{"line":351,"column":48}},"121":{"start":{"line":352,"column":4},"end":{"line":352,"column":49}},"122":{"start":{"line":354,"column":4},"end":{"line":354,"column":91}},"123":{"start":{"line":367,"column":0},"end":{"line":379,"column":2}},"124":{"start":{"line":369,"column":4},"end":{"line":369,"column":46}},"125":{"start":{"line":370,"column":4},"end":{"line":370,"column":56}},"126":{"start":{"line":371,"column":4},"end":{"line":371,"column":46}},"127":{"start":{"line":372,"column":4},"end":{"line":372,"column":45}},"128":{"start":{"line":373,"column":4},"end":{"line":373,"column":51}},"129":{"start":{"line":374,"column":4},"end":{"line":374,"column":48}},"130":{"start":{"line":375,"column":4},"end":{"line":375,"column":49}},"131":{"start":{"line":376,"column":4},"end":{"line":376,"column":47}},"132":{"start":{"line":378,"column":4},"end":{"line":378,"column":93}},"133":{"start":{"line":390,"column":0},"end":{"line":400,"column":2}},"134":{"start":{"line":392,"column":4},"end":{"line":392,"column":46}},"135":{"start":{"line":393,"column":4},"end":{"line":393,"column":56}},"136":{"start":{"line":394,"column":4},"end":{"line":394,"column":46}},"137":{"start":{"line":395,"column":4},"end":{"line":395,"column":45}},"138":{"start":{"line":396,"column":4},"end":{"line":396,"column":48}},"139":{"start":{"line":397,"column":4},"end":{"line":397,"column":49}},"140":{"start":{"line":399,"column":4},"end":{"line":399,"column":90}},"141":{"start":{"line":411,"column":0},"end":{"line":426,"column":2}},"142":{"start":{"line":413,"column":4},"end":{"line":413,"column":59}},"143":{"start":{"line":414,"column":4},"end":{"line":414,"column":46}},"144":{"start":{"line":415,"column":4},"end":{"line":415,"column":55}},"145":{"start":{"line":416,"column":4},"end":{"line":416,"column":56}},"146":{"start":{"line":417,"column":4},"end":{"line":417,"column":56}},"147":{"start":{"line":418,"column":4},"end":{"line":418,"column":46}},"148":{"start":{"line":419,"column":4},"end":{"line":419,"column":45}},"149":{"start":{"line":420,"column":4},"end":{"line":420,"column":48}},"150":{"start":{"line":421,"column":4},"end":{"line":421,"column":51}},"151":{"start":{"line":422,"column":4},"end":{"line":422,"column":49}},"152":{"start":{"line":423,"column":4},"end":{"line":423,"column":47}},"153":{"start":{"line":425,"column":4},"end":{"line":425,"column":89}},"154":{"start":{"line":439,"column":0},"end":{"line":457,"column":2}},"155":{"start":{"line":441,"column":4},"end":{"line":441,"column":30}},"156":{"start":{"line":442,"column":4},"end":{"line":445,"column":5}},"157":{"start":{"line":444,"column":8},"end":{"line":444,"column":59}},"158":{"start":{"line":447,"column":4},"end":{"line":447,"column":43}},"159":{"start":{"line":448,"column":4},"end":{"line":448,"column":56}},"160":{"start":{"line":449,"column":4},"end":{"line":449,"column":49}},"161":{"start":{"line":451,"column":4},"end":{"line":451,"column":44}},"162":{"start":{"line":454,"column":4},"end":{"line":454,"column":29}},"163":{"start":{"line":456,"column":4},"end":{"line":456,"column":74}},"164":{"start":{"line":468,"column":0},"end":{"line":494,"column":2}},"165":{"start":{"line":470,"column":4},"end":{"line":470,"column":30}},"166":{"start":{"line":471,"column":4},"end":{"line":478,"column":5}},"167":{"start":{"line":473,"column":8},"end":{"line":473,"column":36}},"168":{"start":{"line":474,"column":8},"end":{"line":477,"column":9}},"169":{"start":{"line":476,"column":12},"end":{"line":476,"column":70}},"170":{"start":{"line":480,"column":4},"end":{"line":480,"column":43}},"171":{"start":{"line":481,"column":4},"end":{"line":481,"column":44}},"172":{"start":{"line":483,"column":4},"end":{"line":483,"column":46}},"173":{"start":{"line":484,"column":4},"end":{"line":484,"column":50}},"174":{"start":{"line":485,"column":4},"end":{"line":485,"column":51}},"175":{"start":{"line":486,"column":4},"end":{"line":486,"column":49}},"176":{"start":{"line":487,"column":4},"end":{"line":487,"column":49}},"177":{"start":{"line":488,"column":4},"end":{"line":488,"column":51}},"178":{"start":{"line":489,"column":4},"end":{"line":489,"column":48}},"179":{"start":{"line":491,"column":4},"end":{"line":491,"column":37}},"180":{"start":{"line":493,"column":4},"end":{"line":493,"column":73}},"181":{"start":{"line":505,"column":0},"end":{"line":525,"column":2}},"182":{"start":{"line":507,"column":4},"end":{"line":507,"column":30}},"183":{"start":{"line":508,"column":4},"end":{"line":511,"column":5}},"184":{"start":{"line":510,"column":8},"end":{"line":510,"column":59}},"185":{"start":{"line":513,"column":4},"end":{"line":513,"column":43}},"186":{"start":{"line":514,"column":4},"end":{"line":514,"column":56}},"187":{"start":{"line":515,"column":4},"end":{"line":515,"column":46}},"188":{"start":{"line":516,"column":4},"end":{"line":516,"column":45}},"189":{"start":{"line":517,"column":4},"end":{"line":517,"column":49}},"190":{"start":{"line":519,"column":4},"end":{"line":519,"column":44}},"191":{"start":{"line":522,"column":4},"end":{"line":522,"column":29}},"192":{"start":{"line":524,"column":4},"end":{"line":524,"column":74}},"193":{"start":{"line":536,"column":0},"end":{"line":554,"column":2}},"194":{"start":{"line":538,"column":4},"end":{"line":538,"column":30}},"195":{"start":{"line":539,"column":4},"end":{"line":542,"column":5}},"196":{"start":{"line":541,"column":8},"end":{"line":541,"column":59}},"197":{"start":{"line":544,"column":4},"end":{"line":544,"column":43}},"198":{"start":{"line":545,"column":4},"end":{"line":545,"column":46}},"199":{"start":{"line":546,"column":4},"end":{"line":546,"column":45}},"200":{"start":{"line":548,"column":4},"end":{"line":548,"column":54}},"201":{"start":{"line":551,"column":4},"end":{"line":551,"column":29}},"202":{"start":{"line":553,"column":4},"end":{"line":553,"column":73}},"203":{"start":{"line":565,"column":0},"end":{"line":588,"column":2}},"204":{"start":{"line":567,"column":4},"end":{"line":567,"column":30}},"205":{"start":{"line":568,"column":4},"end":{"line":571,"column":5}},"206":{"start":{"line":570,"column":8},"end":{"line":570,"column":59}},"207":{"start":{"line":573,"column":4},"end":{"line":573,"column":43}},"208":{"start":{"line":574,"column":4},"end":{"line":574,"column":46}},"209":{"start":{"line":575,"column":4},"end":{"line":575,"column":45}},"210":{"start":{"line":576,"column":4},"end":{"line":576,"column":53}},"211":{"start":{"line":578,"column":4},"end":{"line":578,"column":58}},"212":{"start":{"line":581,"column":4},"end":{"line":581,"column":29}},"213":{"start":{"line":585,"column":4},"end":{"line":585,"column":39}},"214":{"start":{"line":587,"column":4},"end":{"line":587,"column":73}},"215":{"start":{"line":599,"column":0},"end":{"line":619,"column":2}},"216":{"start":{"line":601,"column":4},"end":{"line":601,"column":30}},"217":{"start":{"line":602,"column":4},"end":{"line":605,"column":5}},"218":{"start":{"line":604,"column":8},"end":{"line":604,"column":59}},"219":{"start":{"line":607,"column":4},"end":{"line":607,"column":43}},"220":{"start":{"line":608,"column":4},"end":{"line":608,"column":56}},"221":{"start":{"line":609,"column":4},"end":{"line":609,"column":46}},"222":{"start":{"line":610,"column":4},"end":{"line":610,"column":45}},"223":{"start":{"line":611,"column":4},"end":{"line":611,"column":49}},"224":{"start":{"line":613,"column":4},"end":{"line":613,"column":45}},"225":{"start":{"line":616,"column":4},"end":{"line":616,"column":29}},"226":{"start":{"line":618,"column":4},"end":{"line":618,"column":73}},"227":{"start":{"line":630,"column":0},"end":{"line":645,"column":2}},"228":{"start":{"line":632,"column":4},"end":{"line":632,"column":30}},"229":{"start":{"line":633,"column":4},"end":{"line":636,"column":5}},"230":{"start":{"line":635,"column":8},"end":{"line":635,"column":59}},"231":{"start":{"line":638,"column":4},"end":{"line":638,"column":43}},"232":{"start":{"line":639,"column":4},"end":{"line":639,"column":56}},"233":{"start":{"line":640,"column":4},"end":{"line":640,"column":49}},"234":{"start":{"line":642,"column":4},"end":{"line":642,"column":35}},"235":{"start":{"line":644,"column":4},"end":{"line":644,"column":73}},"236":{"start":{"line":657,"column":0},"end":{"line":677,"column":2}},"237":{"start":{"line":659,"column":4},"end":{"line":659,"column":38}},"238":{"start":{"line":660,"column":4},"end":{"line":663,"column":5}},"239":{"start":{"line":662,"column":8},"end":{"line":662,"column":63}},"240":{"start":{"line":665,"column":4},"end":{"line":665,"column":59}},"241":{"start":{"line":666,"column":4},"end":{"line":666,"column":56}},"242":{"start":{"line":667,"column":4},"end":{"line":667,"column":58}},"243":{"start":{"line":668,"column":4},"end":{"line":668,"column":48}},"244":{"start":{"line":669,"column":4},"end":{"line":669,"column":49}},"245":{"start":{"line":670,"column":4},"end":{"line":670,"column":50}},"246":{"start":{"line":671,"column":4},"end":{"line":671,"column":47}},"247":{"start":{"line":672,"column":4},"end":{"line":672,"column":49}},"248":{"start":{"line":674,"column":4},"end":{"line":674,"column":37}},"249":{"start":{"line":676,"column":4},"end":{"line":676,"column":74}},"250":{"start":{"line":688,"column":0},"end":{"line":698,"column":2}},"251":{"start":{"line":690,"column":4},"end":{"line":695,"column":6}},"252":{"start":{"line":697,"column":4},"end":{"line":697,"column":63}},"253":{"start":{"line":711,"column":0},"end":{"line":718,"column":1}},"254":{"start":{"line":713,"column":4},"end":{"line":713,"column":56}},"255":{"start":{"line":714,"column":4},"end":{"line":714,"column":51}},"256":{"start":{"line":715,"column":4},"end":{"line":715,"column":47}},"257":{"start":{"line":717,"column":4},"end":{"line":717,"column":79}},"258":{"start":{"line":731,"column":0},"end":{"line":734,"column":1}},"259":{"start":{"line":733,"column":4},"end":{"line":733,"column":96}},"260":{"start":{"line":737,"column":0},"end":{"line":737,"column":28}}},"branchMap":{"1":{"line":64,"type":"if","locations":[{"start":{"line":64,"column":4},"end":{"line":64,"column":4}},{"start":{"line":64,"column":4},"end":{"line":64,"column":4}}]},"2":{"line":176,"type":"if","locations":[{"start":{"line":176,"column":4},"end":{"line":176,"column":4}},{"start":{"line":176,"column":4},"end":{"line":176,"column":4}}]},"3":{"line":176,"type":"binary-expr","locations":[{"start":{"line":176,"column":8},"end":{"line":176,"column":32}},{"start":{"line":176,"column":36},"end":{"line":176,"column":56}}]},"4":{"line":206,"type":"if","locations":[{"start":{"line":206,"column":4},"end":{"line":206,"column":4}},{"start":{"line":206,"column":4},"end":{"line":206,"column":4}}]},"5":{"line":206,"type":"binary-expr","locations":[{"start":{"line":206,"column":8},"end":{"line":206,"column":32}},{"start":{"line":206,"column":36},"end":{"line":206,"column":56}}]},"6":{"line":442,"type":"if","locations":[{"start":{"line":442,"column":4},"end":{"line":442,"column":4}},{"start":{"line":442,"column":4},"end":{"line":442,"column":4}}]},"7":{"line":471,"type":"if","locations":[{"start":{"line":471,"column":4},"end":{"line":471,"column":4}},{"start":{"line":471,"column":4},"end":{"line":471,"column":4}}]},"8":{"line":474,"type":"if","locations":[{"start":{"line":474,"column":8},"end":{"line":474,"column":8}},{"start":{"line":474,"column":8},"end":{"line":474,"column":8}}]},"9":{"line":508,"type":"if","locations":[{"start":{"line":508,"column":4},"end":{"line":508,"column":4}},{"start":{"line":508,"column":4},"end":{"line":508,"column":4}}]},"10":{"line":539,"type":"if","locations":[{"start":{"line":539,"column":4},"end":{"line":539,"column":4}},{"start":{"line":539,"column":4},"end":{"line":539,"column":4}}]},"11":{"line":568,"type":"if","locations":[{"start":{"line":568,"column":4},"end":{"line":568,"column":4}},{"start":{"line":568,"column":4},"end":{"line":568,"column":4}}]},"12":{"line":602,"type":"if","locations":[{"start":{"line":602,"column":4},"end":{"line":602,"column":4}},{"start":{"line":602,"column":4},"end":{"line":602,"column":4}}]},"13":{"line":633,"type":"if","locations":[{"start":{"line":633,"column":4},"end":{"line":633,"column":4}},{"start":{"line":633,"column":4},"end":{"line":633,"column":4}}]},"14":{"line":660,"type":"if","locations":[{"start":{"line":660,"column":4},"end":{"line":660,"column":4}},{"start":{"line":660,"column":4},"end":{"line":660,"column":4}}]}},"code":["var Util = require('util');","var Client = require('./Client');","var Constants = require('./Constants');","var RestParameterValidator = require('./RestParameterValidator');","var UploadClient = require('./UploadClient');","","/**"," * Creates an instance of RestClient."," *"," * @constructor"," * @this {RestClient}"," * @param {String} consumerKey OAuth consumer key."," * @param {String} consumerSecret OAuth consumer secret."," * @param {String} token OAuth token."," * @param {String} tokenSecret OAuth token secret."," */","var RestClient = function(consumerKey, consumerSecret, token, tokenSecret)","{","    Client.call(this, consumerKey, consumerSecret, token, tokenSecret);","","    this._apiBaseUrlString = Constants.RestApiBaseURLString;","    this._apiVersion = Constants.RestApiVersion;","    this._format = 'json';","    this._validator = new RestParameterValidator();","};","","Util.inherits(RestClient, Client);","","// Direct Messages","","/**"," * Returns the 20 most recent direct messages sent to the authenticated user."," *"," * For information on acceptable parameters see the official <a href=\"https://dev.twitter.com/docs/api/1/get/direct_messages\">Twitter documenation</a>."," *"," * @this {RestClient}"," * @param parameters"," * @param callback The callback function."," */","RestClient.prototype.directMessages = function(parameters, callback)","{","    this._validator.validateCount(parameters);","    this._validator.validateIncludeEntities(parameters);","    this._validator.validateMaxId(parameters);","    this._validator.validatePage(parameters);","    this._validator.validateSinceId(parameters);","    this._validator.validateSkipStatus(parameters);","","    this._createGetRequest('direct_messages', this._format, parameters, callback);","}","","/**"," * Destroys the specified direct message."," *"," * For information on acceptable parameters see the official <a href=\"https://dev.twitter.com/docs/api/1/post/direct_messages/destroy/%3Aid\">Twitter documenation</a>."," *"," * @this {RestClient}"," * @param parameters"," * @param callback The callback function."," */","RestClient.prototype.directMessagesDestroy = function(parameters, callback)","{","    var id = parameters['id'];","    if (id === undefined)","    {","        throw new Error('Missing required parameter: id.');","    }","","    this._validator.validateId(parameters);","    this._validator.validateIncludeEntities(parameters);","","    var resource = 'direct_messages/destroy/' + id;","","    // Remove the id key from the list of query parameters.","    delete(parameters['id']);","","    this._createPostRequest(resource, this._format, parameters, callback);","}","","/**"," * Returns the 20 most recent direct messages sent by the authenticated user."," *"," * For information on acceptable parameters see the official <a href=\"https://dev.twitter.com/docs/api/1/get/direct
[...]
:{"line":19,"column":4},"end":{"line":19,"column":62}},"7":{"start":{"line":20,"column":4},"end":{"line":20,"column":50}},"8":{"start":{"line":23,"column":0},"end":{"line":23,"column":36}},"9":{"start":{"line":31,"column":0},"end":{"line":35,"column":2}},"10":{"start":{"line":33,"column":4},"end":{"line":33,"column":20}},"11":{"start":{"line":34,"column":4},"end":{"line":34,"column":54}},"12":{"start":{"line":85,"column":0},"end":{"line":153,"column":2}},"13":{"start":{"line":87,"column":4},"end":{"line":90,"column":5}},"14":{"start":{"line":89,"column":8},"end":{"line":89,"column":62}},"15":{"start":{"line":92,"column":4},"end":{"line":92,"column":24}},"16":{"start":{"line":94,"column":4},"end":{"line":104,"column":5}},"17":{"start":{"line":96,"column":8},"end":{"line":103,"column":9}},"18":{"start":{"line":98,"column":12},"end":{"line":98,"column":53}},"19":{"start":{"line":102,"column":12},"end":{"line":102,"column":54}},"20":{"start":{"line":106,"column":4},"end":{"line":116,"column":5}},"21":{"start":{"line":108,"column":8},"end":{"line":115,"column":9}},"22":{"start":{"line":110,"column":12},"end":{"line":110,"column":58}},"23":{"start":{"line":114,"column":12},"end":{"line":114,"column":54}},"24":{"start":{"line":118,"column":4},"end":{"line":128,"column":5}},"25":{"start":{"line":120,"column":8},"end":{"line":127,"column":9}},"26":{"start":{"line":122,"column":12},"end":{"line":122,"column":51}},"27":{"start":{"line":126,"column":12},"end":{"line":126,"column":54}},"28":{"start":{"line":130,"column":4},"end":{"line":140,"column":5}},"29":{"start":{"line":132,"column":8},"end":{"line":139,"column":9}},"30":{"start":{"line":134,"column":12},"end":{"line":134,"column":40}},"31":{"start":{"line":138,"column":12},"end":{"line":138,"column":49}},"32":{"start":{"line":143,"column":4},"end":{"line":148,"column":5}},"33":{"start":{"line":144,"column":6},"end":{"line":144,"column":68}},"34":{"start":{"line":147,"column":6},"end":{"line":147,"column":69}},"35":{"start":{"line":149,"column":4},"end":{"line":152,"column":5}},"36":{"start":{"line":151,"column":8},"end":{"line":151,"column":32}},"37":{"start":{"line":160,"column":0},"end":{"line":189,"column":2}},"38":{"start":{"line":162,"column":4},"end":{"line":162,"column":20}},"39":{"start":{"line":164,"column":4},"end":{"line":173,"column":5}},"40":{"start":{"line":166,"column":8},"end":{"line":166,"column":53}},"41":{"start":{"line":167,"column":8},"end":{"line":170,"column":9}},"42":{"start":{"line":169,"column":12},"end":{"line":169,"column":42}},"43":{"start":{"line":172,"column":8},"end":{"line":172,"column":43}},"44":{"start":{"line":174,"column":4},"end":{"line":188,"column":5}},"45":{"start":{"line":177,"column":8},"end":{"line":186,"column":10}},"46":{"start":{"line":178,"column":12},"end":{"line":185,"column":13}},"47":{"start":{"line":180,"column":16},"end":{"line":180,"column":50}},"48":{"start":{"line":184,"column":16},"end":{"line":184,"column":40}},"49":{"start":{"line":187,"column":8},"end":{"line":187,"column":27}},"50":{"start":{"line":198,"column":0},"end":{"line":203,"column":2}},"51":{"start":{"line":200,"column":4},"end":{"line":200,"column":59}},"52":{"start":{"line":202,"column":4},"end":{"line":202,"column":23}},"53":{"start":{"line":212,"column":0},"end":{"line":217,"column":2}},"54":{"start":{"line":214,"column":4},"end":{"line":214,"column":57}},"55":{"start":{"line":216,"column":4},"end":{"line":216,"column":21}},"56":{"start":{"line":227,"column":0},"end":{"line":232,"column":2}},"57":{"start":{"line":229,"column":4},"end":{"line":229,"column":75}},"58":{"start":{"line":231,"column":4},"end":{"line":231,"column":31}},"59":{"start":{"line":242,"column":0},"end":{"line":296,"column":2}},"60":{"start":{"line":244,"column":4},"end":{"line":244,"column":59}},"61":{"start":{"line":245,"column":4},"end":{"line":245,"column":41}},"62":{"start":{"line":245,"column":34},"end":{"line":245,"column":41}},"63":{"start":{"line":247,"column":4},"end":{"line":247,"column":69}},"64":{"start":{"line":249,"column":4},"end":{"line":249,"column":19}},"65":{"start":{"line":250,"column":4},"end":{"line":295,"column":5}},"66":{"start":{"line":252,"column":8},"end":{"line":252,"column":60}},"67":{"start":{"line":253,"column":8},"end":{"line":253,"column":106}},"68":{"start":{"line":257,"column":8},"end":{"line":257,"column":46}},"69":{"start":{"line":257,"column":37},"end":{"line":257,"column":46}},"70":{"start":{"line":259,"column":8},"end":{"line":259,"column":31}},"71":{"start":{"line":260,"column":8},"end":{"line":270,"column":9}},"72":{"start":{"line":262,"column":12},"end":{"line":262,"column":44}},"73":{"start":{"line":268,"column":12},"end":{"line":268,"column":31}},"74":{"start":{"line":269,"column":12},"end":{"line":269,"column":34}},"75":{"start":{"line":273,"column":8},"end":{"line":273,"column":43}},"76":{"start":{"line":273,"column":34},"end":{"line":273,"column":43}},"77":{"start":{"line":275,"column":8},"end":{"line":294,"column":9}},"78":{"start":{"line":277,"column":12},"end":{"line":277,"column":52}},"79":{"start":{"line":279,"column":13},"end":{"line":294,"column":9}},"80":{"start":{"line":281,"column":12},"end":{"line":281,"column":58}},"81":{"start":{"line":283,"column":13},"end":{"line":294,"column":9}},"82":{"start":{"line":285,"column":12},"end":{"line":285,"column":45}},"83":{"start":{"line":287,"column":13},"end":{"line":294,"column":9}},"84":{"start":{"line":289,"column":12},"end":{"line":289,"column":58}},"85":{"start":{"line":293,"column":12},"end":{"line":293,"column":39}},"86":{"start":{"line":298,"column":0},"end":{"line":298,"column":30}}},"branchMap":{"1":{"line":87,"type":"if","locations":[{"start":{"line":87,"column":4},"end":{"line":87,"column":4}},{"start":{"line":87,"column":4},"end":{"line":87,"column":4}}]},"2":{"line":94,"type":"if","locations":[{"start":{"line":94,"column":4},"end":{"line":94,"column":4}},{"start":{"line":94,"column":4},"end":{"line":94,"column":4}}]},"3":{"line":94,"type":"binary-expr","locations":[{"start":{"line":94,"column":8},"end":{"line":94,"column":30}},{"start":{"line":94,"column":34},"end":{"line":94,"column":51}}]},"4":{"line":96,"type":"if","locations":[{"start":{"line":96,"column":8},"end":{"line":96,"column":8}},{"start":{"line":96,"column":8},"end":{"line":96,"column":8}}]},"5":{"line":106,"type":"if","locations":[{"start":{"line":106,"column":4},"end":{"line":106,"column":4}},{"start":{"line":106,"column":4},"end":{"line":106,"column":4}}]},"6":{"line":106,"type":"binary-expr","locations":[{"start":{"line":106,"column":8},"end":{"line":106,"column":31}},{"start":{"line":106,"column":35},"end":{"line":106,"column":53}}]},"7":{"line":108,"type":"if","locations":[{"start":{"line":108,"column":8},"end":{"line":108,"column":8}},{"start":{"line":108,"column":8},"end":{"line":108,"column":8}}]},"8":{"line":118,"type":"if","locations":[{"start":{"line":118,"column":4},"end":{"line":118,"column":4}},{"start":{"line":118,"column":4},"end":{"line":118,"column":4}}]},"9":{"line":118,"type":"binary-expr","locations":[{"start":{"line":118,"column":8},"end":{"line":118,"column":27}},{"start":{"line":118,"column":31},"end":{"line":118,"column":45}}]},"10":{"line":120,"type":"if","locations":[{"start":{"line":120,"column":8},"end":{"line":120,"column":8}},{"start":{"line":120,"column":8},"end":{"line":120,"column":8}}]},"11":{"line":130,"type":"if","locations":[{"start":{"line":130,"column":4},"end":{"line":130,"column":4}},{"start":{"line":130,"column":4},"end":{"line":130,"column":4}}]},"12":{"line":130,"type":"binary-expr","locations":[{"start":{"line":130,"column":8},"end":{"line":130,"column":27}},{"start":{"line":130,"column":31},"end":{"line":130,"column":45}}]},"13":{"line":132,"type":"if","locations":[{"start":{"line":132,"column":8},"end":{"line":132,"column":8}},{"start":{"line":132,"column":8},"end":{"line":132,"column":8}}]},"14":{"line":143,"type":"if","locations":[{"start":{"line":143,"column":4},"end":{"line":143,"column":4}},{"start":{"line":143,"column":4},"end":{"line":143,"column":4}}]},"15":{"line":143,"type":"binary-expr","locations":[{"start":{"line":143,"column":8},"end":{"line":143,"column":17}},{"start":{"line":143,"column":21},"end":{"line":143,"column":31}},{"start":{"line":143,"column":35},"end":{"line":143,"column":41}},{"start":{"line":143,"column":45},"end":{"line":143,"column":51}}]},"16":{"line":149,"type":"if","locations":[{"start":{"line":149,"column":4},"end":{"line":149,"column":4}},{"start":{"line":149,"column":4},"end":{"line":149,"column":4}}]},"17":{"line":149,"type":"binary-expr","locations":[{"start":{"line":149,"column":7},"end":{"line":149,"column":15}},{"start":{"line":149,"column":19},"end":{"line":149,"column":49}}]},"18":{"line":167,"type":"if","locations":[{"start":{"line":167,"column":8},"end":{"line":167,"column":8}},{"start":{"line":167,"column":8},"end":{"line":167,"column":8}}]},"19":{"line":174,"type":"if","locations":[{"start":{"line":174,"column":4},"end":{"line":174,"column":4}},{"start":{"line":174,"column":4},"end":{"line":174,"column":4}}]},"20":{"line":174,"type":"binary-expr","locations":[{"start":{"line":174,"column":7},"end":{"line":174,"column":15}},{"start":{"line":174,"column":19},"end":{"line":174,"column":49}}]},"21":{"line":178,"type":"if","locations":[{"start":{"line":178,"column":12},"end":{"line":178,"column":12}},{"start":{"line":178,"column":12},"end":{"line":178,"column":12}}]},"22":{"line":245,"type":"if","locations":[{"start":{"line":245,"column":4},"end":{"line":245,"column":4}},{"start":{"line":245,"column":4},"end":{"line":245,"column":4}}]},"23":{"line":257,"type":"if","locations":[{"start":{"line":257,"column":8},"end":{"line":257,"column":8}},{"start":{"line":257,"column":8},"end":{"line":257,"column":8}}]},"24":{"line":273,"type":"if","locations":[{"start":{"line":273,"column":8},"end":{"line":273,"column":8}},{"start":{"line":273,"column":8},"end":{"line":273,"column":8}}]},"25":{"line":275,"type":"if","locations":[{"start":{"line":275,"column":8},"end":{"line":275,"column":8}},{"start":{"line":275,"column":8},"end":{"line":275,"column":8}}]},"26":{"line":279,"type":"if","locations":[{"start":{"line":279,"column":13},"end":{"line":279,"column":13}},{"start":{"line":279,"column":13},"end":{"line":279,"column":13}}]},"27":{"line":283,"type":"if","locations":[{"start":{"line":283,"column":13},"end":{"line":283,"column":13}},{"start":{"line":283,"column":13},"end":{"line":283,"column":13}}]},"28":{"line":287,"type":"if","locations":[{"start":{"line":287,"column":13},"end":{"line":287,"column":13}},{"start":{"line":287,"column":13},"end":{"line":287,"column":13}}]}},"code":["var Util = require('util');","var Client = require('./Client');","var Constants = require('./Constants');","","/**"," * Creates an instance of StreamClient."," *"," * @constructor"," * @this {StreamClient}"," * @param {String} consumerKey OAuth consumer key."," * @param {String} consumerSecret OAuth consumer secret."," * @param {String} token OAuth token."," * @param {String} tokenSecret OAuth token secret."," */","var StreamClient = function(consumerKey, consumerSecret, token, tokenSecret)","{","    Client.call(this, consumerKey, consumerSecret, token, tokenSecret);","","    this._apiBaseUrlString = Constants.StreamApiBaseURLString;","    this._apiVersion = Constants.StreamApiVersion;","};","","Util.inherits(StreamClient, Client);","","/**"," * Returns whether or not the stream client is currently running."," *"," * @this {StreamClient}"," * @return true if the StreamClient is running; false otherwise."," */","StreamClient.prototype.isRunning = function()","{","    var self = this;","    return Object.keys(self._connections).length >= 1;","};","","/**"," * Creates an asynchronous connection to the Twitter Stream API and begins"," * listening for public statuses that match one or more filter predicates."," *"," * Listeners should be attached to the <code>StreamClient</code> instance in"," * order to respond to events:"," *"," * <pre>"," * // Request to remove geolocation information from a status"," * twitterStreamClient.on('deleteLocation', function(data) {"," *   console.log(data);"," * });"," *"," * // Status deletion request"," * twitterStreamClient.on('deleteTweet', function(data) {"," *   console.log(data);"," * });"," *"," * // Connection to the stream has been closed"," * twitterStreamClient.on('end', function() {"," *   console.log('Connection closed.');"," * });"," *"," * // An error has occurred"," * twitterStreamClient.on('error', function(error) {"," *   console.log('Error: ' + error.code ? error.code + ' ' + error.message : error.message);"," * });"," *"," * // A retweet has been received"," * twitterStreamClient.on('retweet', function(retweet) {"," *   console.log(retweet);"," * });"," *"," * // A tweet has been received"," * twitterStreamClient.on('tweet', function(tweet) {"," *   console.log(tweet);"," * });"," * </pre>"," *"," * See <a href=\"https://dev.twitter.com/docs/streaming-api/concepts\">Twitter Streaming API Concepts</a>"," * for information on the structure of the JSON responses returned from the Twitter Streaming API."," *"," * @this {StreamClient}"," * @param {Array} keywords A set of keywords to track."," * @param {Array} locations A set of one or more latitude/longitude pairs defining geofences to track."," * @param {Array} users A set of users to track."," * @param {integer} count Number of previous statuses to deliver before transitioning to live stream delivery."," */","StreamClient.prototype.start = function(keywords, locations, users, count, callback)","{","    if (this.isRunning() === true)","    {","        throw new Error('StreamClient is currently running.');","    }","","    var parameters = {};","","    if (keywords !== undefined && keywords !== null)","    {","        if (keywords instanceof Array)","        {","            parameters['track'] = keywords.join(',');","        }","        else","        {","            throw new Error('Expected Array object.');","        }","    }","","    if (locations !== undefined && locations !== null)","    {","        if (locations instanceof Array)","        {","            parameters['locations'] = locations.join(',');","        }","        else","        {","            throw new Error('Expected Array object.');","        }","    }","","    if (users !== undefined && users !== null)","    {","        if (users instanceof Array)","        {","            parameters['follow'] = users.join(',');","        }","        else","        {","            throw new Error('Expected Array object.');","        }","    }","","    if (count !== undefined && count !== null)","    {","        if (isNaN(count) === false)","        {","            parameters['count'] = count;","        }","        else","        {","            throw new Error('Expected integer.');","        }","    }","","    // if no parameter is given, connect to the sample stream (aka. \"spritzer\")","    if (!keywords && !locations && !users && !count) {","      this._createGetRequest('statuses/sample', 'json', parameters);","    // else connect to the filter stream","    } else {","      this._createPostRequest('statuses/filter', 'json', parameters);","    }","    if(callback && typeof callback === 'function')","    {","        callback(null, \"tweet\");","    }","};","","/**"," * Disconnects from the Twitter Streaming API."," *"," * @this {StreamClient}"," */","StreamClient.prototype.stop = function(callback)","{","    var self = this;","","    for (var key in this._connections)","    {","        var connection = this._connectionForKey(key);","        if (connection === undefined)","        {","            delete self._connections[key];","        }","","        connection.httpRequest.req.abort();","    }","    if(callback && typeof callback === 'function')","    {","        // wait before calling back to make sure aborts finish","        var waitUntilStopped = function(){","            if(self.isRunning())","            {","                setTimeout(waitUntilStopped, 100);","            }","            else","            {","                callback(null, \"tweet\");","            }","        };","        waitUntilStopped();","    }","};","","/**"," * Handles the ending of a request."," *"," * @private"," * @this {StreamClient}"," * @param {http.ClientRequest} aRequest The request object."," */","StreamClient.prototype._requestDidClose = function(aRequest)","{","    Client.prototype._requestDidClose.call(this, aRequest);","","    this.emit('close');","};","","/**"," * Handles the closing of a request."," *"," * @private"," * @this {StreamClient}"," * @param {http.ClientRequest} aRequest The request object."," */","StreamClient.prototype._requestDidEnd = function(aRequest)","{","    Client.prototype._requestDidEnd.call(this, aRequest);","","    this.emit('end');","};","","/**"," * Handles the failure of a request."," *"," * @private"," * @this {StreamClient}"," * @param {http.ClientRequest} aRequest The request object."," * @param {Error} aError An Error object."," */","StreamClient.prototype._requestDidFailWithError = function(aRequest, aError)","{","    Client.prototype._requestDidFailWithError.call(this, aRequest, aError);","","    this.emit('error', aError);","};","","/**"," * Handles data received from the Twitter stream."," *"," * @private"," * @this {StreamClient}"," * @param {http.ClientRequest} aRequest The request object."," * @param {Buffer} aData"," */","StreamClient.prototype._requestDidReceiveData = function(aRequest, aData)","{","    var connection = this._connectionForKey(aRequest.hash);","    if (connection === undefined) return;","","    connection['data'] = connection['data'] + aData.toString('utf8');","","    var index = -1;","    while ((index = connection['data'].indexOf(Constants.StreamApiObjectTerminator)) !== -1)","    {","        var jsonString = connection['data'].slice(0, index);","        connection['data'] = connection['data'].slice(index + Constants.StreamApiObjectTerminator.length);","","        // If jsonString has a length of zero continue without emitting any","        // events.","        if (jsonString.length === 0) continue;","","        var object = undefined;","        try","        {","            object = JSON.parse(jsonString);","        }","        catch (e)","        {","            // If an error occurs while parsing the JSON string reset object","            // and emit the error","            object = undefined;","            this.emit('error', e);","        }","","        // If object is undefined continue without emitting any events.","        if (object === undefined) continue;","","        if (object.delete !== undefined)","        {","            this.emit('deleteTweet', object.delete);","        }","        else if (object.scrub_geo !== undefined)","        {","            this.emit('deleteLocation', object.scrub_geo);","        }","        else if (object.limit !== undefined)","        {","            this.emit('limit', object.limit);","        }","        else if (object.retweeted_status !== undefined)","        {","            this.emit('retweet', object.retweeted_status);","        }","        else","        {","            this.emit('tweet', object);","        }","    }","};","","module.exports = StreamClient;",""],"l":{"1":1,"2":1,"3":1,"15":1,"17":0,"19":0,"20":0,"23":1,"31":1,"33":0,"34":0,"85":1,"87":0,"89":0,"92":0,"94":0,"96":0,"98":0,"102":0,"106":0,"108":0,"110":0,"114":0,"118":0,"120":0,"122":0,"126":0,"130":0,"132":0,"134":0,"138":0,"143":0,"144":0,"147":0,"149":0,"151":0,"160":1,"162":0,"164":0,"166":0,"167":0,"169":0,"172":0,"174":0,"177":0,"178":0,"180":0,"184":0,"187":0,"198":1,"200":0,"202":0,"212":1,"214":0,"216":0,"227":1,"229":0,"231":0,"242":1,"244":0,"245":0,"247":0,"249":0,"250":0,"252":0,"253":0,"257":0,"259":0,"260":0,"262":0,"268":0,"269":0,"273":0,"275":0,"277":0,"279":0,"281":0,"283":0,"285":0,"287":0,"289":0,"293":0,"298":1}}}